The system is: Linux - 4.2.0-36-generic - i686
Compiling the C compiler identification source file "CMakeCCompilerId.c" succeeded.
Compiler: /usr/bin/cc 
Build flags: 
Id flags: 

The output was:
0


Compilation of the C compiler identification source "CMakeCCompilerId.c" produced "a.out"

The C compiler identification is GNU, found in "/home/nicolas/workspace/Copy of TpFinal/glog/CMakeFiles/3.5.2/CompilerIdC/a.out"

Compiling the CXX compiler identification source file "CMakeCXXCompilerId.cpp" succeeded.
Compiler: /usr/bin/c++ 
Build flags: 
Id flags: 

The output was:
0


Compilation of the CXX compiler identification source "CMakeCXXCompilerId.cpp" produced "a.out"

The CXX compiler identification is GNU, found in "/home/nicolas/workspace/Copy of TpFinal/glog/CMakeFiles/3.5.2/CompilerIdCXX/a.out"

Determining if the C compiler works passed with the following output:
Change Dir: /home/nicolas/workspace/Copy of TpFinal/glog/CMakeFiles/CMakeTmp

Run Build Command:"/usr/bin/make" "cmTC_78a9f/fast"
/usr/bin/make -f CMakeFiles/cmTC_78a9f.dir/build.make CMakeFiles/cmTC_78a9f.dir/build
make[1]: Entering directory `/home/nicolas/workspace/Copy of TpFinal/glog/CMakeFiles/CMakeTmp'
Building C object CMakeFiles/cmTC_78a9f.dir/testCCompiler.c.o
/usr/bin/cc     -o CMakeFiles/cmTC_78a9f.dir/testCCompiler.c.o   -c "/home/nicolas/workspace/Copy of TpFinal/glog/CMakeFiles/CMakeTmp/testCCompiler.c"
Linking C executable cmTC_78a9f
/usr/local/bin/cmake -E cmake_link_script CMakeFiles/cmTC_78a9f.dir/link.txt --verbose=1
/usr/bin/cc       CMakeFiles/cmTC_78a9f.dir/testCCompiler.c.o  -o cmTC_78a9f -rdynamic 
make[1]: Leaving directory `/home/nicolas/workspace/Copy of TpFinal/glog/CMakeFiles/CMakeTmp'


Detecting C compiler ABI info compiled with the following output:
Change Dir: /home/nicolas/workspace/Copy of TpFinal/glog/CMakeFiles/CMakeTmp

Run Build Command:"/usr/bin/make" "cmTC_4f29a/fast"
/usr/bin/make -f CMakeFiles/cmTC_4f29a.dir/build.make CMakeFiles/cmTC_4f29a.dir/build
make[1]: Entering directory `/home/nicolas/workspace/Copy of TpFinal/glog/CMakeFiles/CMakeTmp'
Building C object CMakeFiles/cmTC_4f29a.dir/CMakeCCompilerABI.c.o
/usr/bin/cc     -o CMakeFiles/cmTC_4f29a.dir/CMakeCCompilerABI.c.o   -c /usr/local/share/cmake-3.5/Modules/CMakeCCompilerABI.c
Linking C executable cmTC_4f29a
/usr/local/bin/cmake -E cmake_link_script CMakeFiles/cmTC_4f29a.dir/link.txt --verbose=1
/usr/bin/cc      -v CMakeFiles/cmTC_4f29a.dir/CMakeCCompilerABI.c.o  -o cmTC_4f29a -rdynamic  
Using built-in specs.
COLLECT_GCC=/usr/bin/cc
COLLECT_LTO_WRAPPER=/usr/lib/gcc/i686-linux-gnu/4.8/lto-wrapper
Target: i686-linux-gnu
Configured with: ../src/configure -v --with-pkgversion='Ubuntu 4.8.4-2ubuntu1~14.04.1' --with-bugurl=file:///usr/share/doc/gcc-4.8/README.Bugs --enable-languages=c,c++,java,go,d,fortran,objc,obj-c++ --prefix=/usr --program-suffix=-4.8 --enable-shared --enable-linker-build-id --libexecdir=/usr/lib --without-included-gettext --enable-threads=posix --with-gxx-include-dir=/usr/include/c++/4.8 --libdir=/usr/lib --enable-nls --with-sysroot=/ --enable-clocale=gnu --enable-libstdcxx-debug --enable-libstdcxx-time=yes --enable-gnu-unique-object --disable-libmudflap --enable-plugin --with-system-zlib --disable-browser-plugin --enable-java-awt=gtk --enable-gtk-cairo --with-java-home=/usr/lib/jvm/java-1.5.0-gcj-4.8-i386/jre --enable-java-home --with-jvm-root-dir=/usr/lib/jvm/java-1.5.0-gcj-4.8-i386 --with-jvm-jar-dir=/usr/lib/jvm-exports/java-1.5.0-gcj-4.8-i386 --with-arch-directory=i386 --with-ecj-jar=/usr/share/java/eclipse-ecj.jar --enable-objc-gc --enable-targets=all --enable-multiarch --disable-werror --with-arch-32=i686 --with-multilib-list=m32,m64,mx32 --with-tune=generic --enable-checking=release --build=i686-linux-gnu --host=i686-linux-gnu --target=i686-linux-gnu
Thread model: posix
gcc version 4.8.4 (Ubuntu 4.8.4-2ubuntu1~14.04.1) 
COMPILER_PATH=/usr/lib/gcc/i686-linux-gnu/4.8/:/usr/lib/gcc/i686-linux-gnu/4.8/:/usr/lib/gcc/i686-linux-gnu/:/usr/lib/gcc/i686-linux-gnu/4.8/:/usr/lib/gcc/i686-linux-gnu/
LIBRARY_PATH=/usr/lib/gcc/i686-linux-gnu/4.8/:/usr/lib/gcc/i686-linux-gnu/4.8/../../../i386-linux-gnu/:/usr/lib/gcc/i686-linux-gnu/4.8/../../../../lib/:/lib/i386-linux-gnu/:/lib/../lib/:/usr/lib/i386-linux-gnu/:/usr/lib/../lib/:/usr/lib/gcc/i686-linux-gnu/4.8/../../../:/lib/:/usr/lib/
COLLECT_GCC_OPTIONS='-v' '-o' 'cmTC_4f29a' '-rdynamic' '-mtune=generic' '-march=i686'
 /usr/lib/gcc/i686-linux-gnu/4.8/collect2 --sysroot=/ --build-id --eh-frame-hdr -m elf_i386 --hash-style=gnu --as-needed -export-dynamic -dynamic-linker /lib/ld-linux.so.2 -z relro -o cmTC_4f29a /usr/lib/gcc/i686-linux-gnu/4.8/../../../i386-linux-gnu/crt1.o /usr/lib/gcc/i686-linux-gnu/4.8/../../../i386-linux-gnu/crti.o /usr/lib/gcc/i686-linux-gnu/4.8/crtbegin.o -L/usr/lib/gcc/i686-linux-gnu/4.8 -L/usr/lib/gcc/i686-linux-gnu/4.8/../../../i386-linux-gnu -L/usr/lib/gcc/i686-linux-gnu/4.8/../../../../lib -L/lib/i386-linux-gnu -L/lib/../lib -L/usr/lib/i386-linux-gnu -L/usr/lib/../lib -L/usr/lib/gcc/i686-linux-gnu/4.8/../../.. CMakeFiles/cmTC_4f29a.dir/CMakeCCompilerABI.c.o -lgcc --as-needed -lgcc_s --no-as-needed -lc -lgcc --as-needed -lgcc_s --no-as-needed /usr/lib/gcc/i686-linux-gnu/4.8/crtend.o /usr/lib/gcc/i686-linux-gnu/4.8/../../../i386-linux-gnu/crtn.o
make[1]: Leaving directory `/home/nicolas/workspace/Copy of TpFinal/glog/CMakeFiles/CMakeTmp'


Parsed C implicit link information from above output:
  link line regex: [^( *|.*[/\])(ld|([^/\]+-)?ld|collect2)[^/\]*( |$)]
  ignore line: [Change Dir: /home/nicolas/workspace/Copy of TpFinal/glog/CMakeFiles/CMakeTmp]
  ignore line: []
  ignore line: [Run Build Command:"/usr/bin/make" "cmTC_4f29a/fast"]
  ignore line: [/usr/bin/make -f CMakeFiles/cmTC_4f29a.dir/build.make CMakeFiles/cmTC_4f29a.dir/build]
  ignore line: [make[1]: Entering directory `/home/nicolas/workspace/Copy of TpFinal/glog/CMakeFiles/CMakeTmp']
  ignore line: [Building C object CMakeFiles/cmTC_4f29a.dir/CMakeCCompilerABI.c.o]
  ignore line: [/usr/bin/cc     -o CMakeFiles/cmTC_4f29a.dir/CMakeCCompilerABI.c.o   -c /usr/local/share/cmake-3.5/Modules/CMakeCCompilerABI.c]
  ignore line: [Linking C executable cmTC_4f29a]
  ignore line: [/usr/local/bin/cmake -E cmake_link_script CMakeFiles/cmTC_4f29a.dir/link.txt --verbose=1]
  ignore line: [/usr/bin/cc      -v CMakeFiles/cmTC_4f29a.dir/CMakeCCompilerABI.c.o  -o cmTC_4f29a -rdynamic  ]
  ignore line: [Using built-in specs.]
  ignore line: [COLLECT_GCC=/usr/bin/cc]
  ignore line: [COLLECT_LTO_WRAPPER=/usr/lib/gcc/i686-linux-gnu/4.8/lto-wrapper]
  ignore line: [Target: i686-linux-gnu]
  ignore line: [Configured with: ../src/configure -v --with-pkgversion='Ubuntu 4.8.4-2ubuntu1~14.04.1' --with-bugurl=file:///usr/share/doc/gcc-4.8/README.Bugs --enable-languages=c,c++,java,go,d,fortran,objc,obj-c++ --prefix=/usr --program-suffix=-4.8 --enable-shared --enable-linker-build-id --libexecdir=/usr/lib --without-included-gettext --enable-threads=posix --with-gxx-include-dir=/usr/include/c++/4.8 --libdir=/usr/lib --enable-nls --with-sysroot=/ --enable-clocale=gnu --enable-libstdcxx-debug --enable-libstdcxx-time=yes --enable-gnu-unique-object --disable-libmudflap --enable-plugin --with-system-zlib --disable-browser-plugin --enable-java-awt=gtk --enable-gtk-cairo --with-java-home=/usr/lib/jvm/java-1.5.0-gcj-4.8-i386/jre --enable-java-home --with-jvm-root-dir=/usr/lib/jvm/java-1.5.0-gcj-4.8-i386 --with-jvm-jar-dir=/usr/lib/jvm-exports/java-1.5.0-gcj-4.8-i386 --with-arch-directory=i386 --with-ecj-jar=/usr/share/java/eclipse-ecj.jar --enable-objc-gc --enable-targets=all --enable-multiarch --disable-werror --with-arch-32=i686 --with-multilib-list=m32,m64,mx32 --with-tune=generic --enable-checking=release --build=i686-linux-gnu --host=i686-linux-gnu --target=i686-linux-gnu]
  ignore line: [Thread model: posix]
  ignore line: [gcc version 4.8.4 (Ubuntu 4.8.4-2ubuntu1~14.04.1) ]
  ignore line: [COMPILER_PATH=/usr/lib/gcc/i686-linux-gnu/4.8/:/usr/lib/gcc/i686-linux-gnu/4.8/:/usr/lib/gcc/i686-linux-gnu/:/usr/lib/gcc/i686-linux-gnu/4.8/:/usr/lib/gcc/i686-linux-gnu/]
  ignore line: [LIBRARY_PATH=/usr/lib/gcc/i686-linux-gnu/4.8/:/usr/lib/gcc/i686-linux-gnu/4.8/../../../i386-linux-gnu/:/usr/lib/gcc/i686-linux-gnu/4.8/../../../../lib/:/lib/i386-linux-gnu/:/lib/../lib/:/usr/lib/i386-linux-gnu/:/usr/lib/../lib/:/usr/lib/gcc/i686-linux-gnu/4.8/../../../:/lib/:/usr/lib/]
  ignore line: [COLLECT_GCC_OPTIONS='-v' '-o' 'cmTC_4f29a' '-rdynamic' '-mtune=generic' '-march=i686']
  link line: [ /usr/lib/gcc/i686-linux-gnu/4.8/collect2 --sysroot=/ --build-id --eh-frame-hdr -m elf_i386 --hash-style=gnu --as-needed -export-dynamic -dynamic-linker /lib/ld-linux.so.2 -z relro -o cmTC_4f29a /usr/lib/gcc/i686-linux-gnu/4.8/../../../i386-linux-gnu/crt1.o /usr/lib/gcc/i686-linux-gnu/4.8/../../../i386-linux-gnu/crti.o /usr/lib/gcc/i686-linux-gnu/4.8/crtbegin.o -L/usr/lib/gcc/i686-linux-gnu/4.8 -L/usr/lib/gcc/i686-linux-gnu/4.8/../../../i386-linux-gnu -L/usr/lib/gcc/i686-linux-gnu/4.8/../../../../lib -L/lib/i386-linux-gnu -L/lib/../lib -L/usr/lib/i386-linux-gnu -L/usr/lib/../lib -L/usr/lib/gcc/i686-linux-gnu/4.8/../../.. CMakeFiles/cmTC_4f29a.dir/CMakeCCompilerABI.c.o -lgcc --as-needed -lgcc_s --no-as-needed -lc -lgcc --as-needed -lgcc_s --no-as-needed /usr/lib/gcc/i686-linux-gnu/4.8/crtend.o /usr/lib/gcc/i686-linux-gnu/4.8/../../../i386-linux-gnu/crtn.o]
    arg [/usr/lib/gcc/i686-linux-gnu/4.8/collect2] ==> ignore
    arg [--sysroot=/] ==> ignore
    arg [--build-id] ==> ignore
    arg [--eh-frame-hdr] ==> ignore
    arg [-m] ==> ignore
    arg [elf_i386] ==> ignore
    arg [--hash-style=gnu] ==> ignore
    arg [--as-needed] ==> ignore
    arg [-export-dynamic] ==> ignore
    arg [-dynamic-linker] ==> ignore
    arg [/lib/ld-linux.so.2] ==> ignore
    arg [-zrelro] ==> ignore
    arg [-o] ==> ignore
    arg [cmTC_4f29a] ==> ignore
    arg [/usr/lib/gcc/i686-linux-gnu/4.8/../../../i386-linux-gnu/crt1.o] ==> ignore
    arg [/usr/lib/gcc/i686-linux-gnu/4.8/../../../i386-linux-gnu/crti.o] ==> ignore
    arg [/usr/lib/gcc/i686-linux-gnu/4.8/crtbegin.o] ==> ignore
    arg [-L/usr/lib/gcc/i686-linux-gnu/4.8] ==> dir [/usr/lib/gcc/i686-linux-gnu/4.8]
    arg [-L/usr/lib/gcc/i686-linux-gnu/4.8/../../../i386-linux-gnu] ==> dir [/usr/lib/gcc/i686-linux-gnu/4.8/../../../i386-linux-gnu]
    arg [-L/usr/lib/gcc/i686-linux-gnu/4.8/../../../../lib] ==> dir [/usr/lib/gcc/i686-linux-gnu/4.8/../../../../lib]
    arg [-L/lib/i386-linux-gnu] ==> dir [/lib/i386-linux-gnu]
    arg [-L/lib/../lib] ==> dir [/lib/../lib]
    arg [-L/usr/lib/i386-linux-gnu] ==> dir [/usr/lib/i386-linux-gnu]
    arg [-L/usr/lib/../lib] ==> dir [/usr/lib/../lib]
    arg [-L/usr/lib/gcc/i686-linux-gnu/4.8/../../..] ==> dir [/usr/lib/gcc/i686-linux-gnu/4.8/../../..]
    arg [CMakeFiles/cmTC_4f29a.dir/CMakeCCompilerABI.c.o] ==> ignore
    arg [-lgcc] ==> lib [gcc]
    arg [--as-needed] ==> ignore
    arg [-lgcc_s] ==> lib [gcc_s]
    arg [--no-as-needed] ==> ignore
    arg [-lc] ==> lib [c]
    arg [-lgcc] ==> lib [gcc]
    arg [--as-needed] ==> ignore
    arg [-lgcc_s] ==> lib [gcc_s]
    arg [--no-as-needed] ==> ignore
    arg [/usr/lib/gcc/i686-linux-gnu/4.8/crtend.o] ==> ignore
    arg [/usr/lib/gcc/i686-linux-gnu/4.8/../../../i386-linux-gnu/crtn.o] ==> ignore
  remove lib [gcc]
  remove lib [gcc_s]
  remove lib [gcc]
  remove lib [gcc_s]
  collapse library dir [/usr/lib/gcc/i686-linux-gnu/4.8] ==> [/usr/lib/gcc/i686-linux-gnu/4.8]
  collapse library dir [/usr/lib/gcc/i686-linux-gnu/4.8/../../../i386-linux-gnu] ==> [/usr/lib/i386-linux-gnu]
  collapse library dir [/usr/lib/gcc/i686-linux-gnu/4.8/../../../../lib] ==> [/usr/lib]
  collapse library dir [/lib/i386-linux-gnu] ==> [/lib/i386-linux-gnu]
  collapse library dir [/lib/../lib] ==> [/lib]
  collapse library dir [/usr/lib/i386-linux-gnu] ==> [/usr/lib/i386-linux-gnu]
  collapse library dir [/usr/lib/../lib] ==> [/usr/lib]
  collapse library dir [/usr/lib/gcc/i686-linux-gnu/4.8/../../..] ==> [/usr/lib]
  implicit libs: [c]
  implicit dirs: [/usr/lib/gcc/i686-linux-gnu/4.8;/usr/lib/i386-linux-gnu;/usr/lib;/lib/i386-linux-gnu;/lib]
  implicit fwks: []




Detecting C [-std=c11] compiler features compiled with the following output:
Change Dir: /home/nicolas/workspace/Copy of TpFinal/glog/CMakeFiles/CMakeTmp

Run Build Command:"/usr/bin/make" "cmTC_db7ca/fast"
/usr/bin/make -f CMakeFiles/cmTC_db7ca.dir/build.make CMakeFiles/cmTC_db7ca.dir/build
make[1]: Entering directory `/home/nicolas/workspace/Copy of TpFinal/glog/CMakeFiles/CMakeTmp'
Building C object CMakeFiles/cmTC_db7ca.dir/feature_tests.c.o
/usr/bin/cc    -std=c11 -o CMakeFiles/cmTC_db7ca.dir/feature_tests.c.o   -c "/home/nicolas/workspace/Copy of TpFinal/glog/CMakeFiles/feature_tests.c"
Linking C executable cmTC_db7ca
/usr/local/bin/cmake -E cmake_link_script CMakeFiles/cmTC_db7ca.dir/link.txt --verbose=1
/usr/bin/cc       CMakeFiles/cmTC_db7ca.dir/feature_tests.c.o  -o cmTC_db7ca -rdynamic 
make[1]: Leaving directory `/home/nicolas/workspace/Copy of TpFinal/glog/CMakeFiles/CMakeTmp'


    Feature record: C_FEATURE:1c_function_prototypes
    Feature record: C_FEATURE:1c_restrict
    Feature record: C_FEATURE:1c_static_assert
    Feature record: C_FEATURE:1c_variadic_macros


Detecting C [-std=c99] compiler features compiled with the following output:
Change Dir: /home/nicolas/workspace/Copy of TpFinal/glog/CMakeFiles/CMakeTmp

Run Build Command:"/usr/bin/make" "cmTC_c59ba/fast"
/usr/bin/make -f CMakeFiles/cmTC_c59ba.dir/build.make CMakeFiles/cmTC_c59ba.dir/build
make[1]: Entering directory `/home/nicolas/workspace/Copy of TpFinal/glog/CMakeFiles/CMakeTmp'
Building C object CMakeFiles/cmTC_c59ba.dir/feature_tests.c.o
/usr/bin/cc    -std=c99 -o CMakeFiles/cmTC_c59ba.dir/feature_tests.c.o   -c "/home/nicolas/workspace/Copy of TpFinal/glog/CMakeFiles/feature_tests.c"
Linking C executable cmTC_c59ba
/usr/local/bin/cmake -E cmake_link_script CMakeFiles/cmTC_c59ba.dir/link.txt --verbose=1
/usr/bin/cc       CMakeFiles/cmTC_c59ba.dir/feature_tests.c.o  -o cmTC_c59ba -rdynamic 
make[1]: Leaving directory `/home/nicolas/workspace/Copy of TpFinal/glog/CMakeFiles/CMakeTmp'


    Feature record: C_FEATURE:1c_function_prototypes
    Feature record: C_FEATURE:1c_restrict
    Feature record: C_FEATURE:0c_static_assert
    Feature record: C_FEATURE:1c_variadic_macros


Detecting C [-std=c90] compiler features compiled with the following output:
Change Dir: /home/nicolas/workspace/Copy of TpFinal/glog/CMakeFiles/CMakeTmp

Run Build Command:"/usr/bin/make" "cmTC_8d986/fast"
/usr/bin/make -f CMakeFiles/cmTC_8d986.dir/build.make CMakeFiles/cmTC_8d986.dir/build
make[1]: Entering directory `/home/nicolas/workspace/Copy of TpFinal/glog/CMakeFiles/CMakeTmp'
Building C object CMakeFiles/cmTC_8d986.dir/feature_tests.c.o
/usr/bin/cc    -std=c90 -o CMakeFiles/cmTC_8d986.dir/feature_tests.c.o   -c "/home/nicolas/workspace/Copy of TpFinal/glog/CMakeFiles/feature_tests.c"
Linking C executable cmTC_8d986
/usr/local/bin/cmake -E cmake_link_script CMakeFiles/cmTC_8d986.dir/link.txt --verbose=1
/usr/bin/cc       CMakeFiles/cmTC_8d986.dir/feature_tests.c.o  -o cmTC_8d986 -rdynamic 
make[1]: Leaving directory `/home/nicolas/workspace/Copy of TpFinal/glog/CMakeFiles/CMakeTmp'


    Feature record: C_FEATURE:1c_function_prototypes
    Feature record: C_FEATURE:0c_restrict
    Feature record: C_FEATURE:0c_static_assert
    Feature record: C_FEATURE:0c_variadic_macros
Determining if the CXX compiler works passed with the following output:
Change Dir: /home/nicolas/workspace/Copy of TpFinal/glog/CMakeFiles/CMakeTmp

Run Build Command:"/usr/bin/make" "cmTC_5d246/fast"
/usr/bin/make -f CMakeFiles/cmTC_5d246.dir/build.make CMakeFiles/cmTC_5d246.dir/build
make[1]: Entering directory `/home/nicolas/workspace/Copy of TpFinal/glog/CMakeFiles/CMakeTmp'
Building CXX object CMakeFiles/cmTC_5d246.dir/testCXXCompiler.cxx.o
/usr/bin/c++      -o CMakeFiles/cmTC_5d246.dir/testCXXCompiler.cxx.o -c "/home/nicolas/workspace/Copy of TpFinal/glog/CMakeFiles/CMakeTmp/testCXXCompiler.cxx"
Linking CXX executable cmTC_5d246
/usr/local/bin/cmake -E cmake_link_script CMakeFiles/cmTC_5d246.dir/link.txt --verbose=1
/usr/bin/c++        CMakeFiles/cmTC_5d246.dir/testCXXCompiler.cxx.o  -o cmTC_5d246 -rdynamic 
make[1]: Leaving directory `/home/nicolas/workspace/Copy of TpFinal/glog/CMakeFiles/CMakeTmp'


Detecting CXX compiler ABI info compiled with the following output:
Change Dir: /home/nicolas/workspace/Copy of TpFinal/glog/CMakeFiles/CMakeTmp

Run Build Command:"/usr/bin/make" "cmTC_767c0/fast"
/usr/bin/make -f CMakeFiles/cmTC_767c0.dir/build.make CMakeFiles/cmTC_767c0.dir/build
make[1]: Entering directory `/home/nicolas/workspace/Copy of TpFinal/glog/CMakeFiles/CMakeTmp'
Building CXX object CMakeFiles/cmTC_767c0.dir/CMakeCXXCompilerABI.cpp.o
/usr/bin/c++      -o CMakeFiles/cmTC_767c0.dir/CMakeCXXCompilerABI.cpp.o -c /usr/local/share/cmake-3.5/Modules/CMakeCXXCompilerABI.cpp
Linking CXX executable cmTC_767c0
/usr/local/bin/cmake -E cmake_link_script CMakeFiles/cmTC_767c0.dir/link.txt --verbose=1
/usr/bin/c++       -v CMakeFiles/cmTC_767c0.dir/CMakeCXXCompilerABI.cpp.o  -o cmTC_767c0 -rdynamic  
Using built-in specs.
COLLECT_GCC=/usr/bin/c++
COLLECT_LTO_WRAPPER=/usr/lib/gcc/i686-linux-gnu/4.8/lto-wrapper
Target: i686-linux-gnu
Configured with: ../src/configure -v --with-pkgversion='Ubuntu 4.8.4-2ubuntu1~14.04.1' --with-bugurl=file:///usr/share/doc/gcc-4.8/README.Bugs --enable-languages=c,c++,java,go,d,fortran,objc,obj-c++ --prefix=/usr --program-suffix=-4.8 --enable-shared --enable-linker-build-id --libexecdir=/usr/lib --without-included-gettext --enable-threads=posix --with-gxx-include-dir=/usr/include/c++/4.8 --libdir=/usr/lib --enable-nls --with-sysroot=/ --enable-clocale=gnu --enable-libstdcxx-debug --enable-libstdcxx-time=yes --enable-gnu-unique-object --disable-libmudflap --enable-plugin --with-system-zlib --disable-browser-plugin --enable-java-awt=gtk --enable-gtk-cairo --with-java-home=/usr/lib/jvm/java-1.5.0-gcj-4.8-i386/jre --enable-java-home --with-jvm-root-dir=/usr/lib/jvm/java-1.5.0-gcj-4.8-i386 --with-jvm-jar-dir=/usr/lib/jvm-exports/java-1.5.0-gcj-4.8-i386 --with-arch-directory=i386 --with-ecj-jar=/usr/share/java/eclipse-ecj.jar --enable-objc-gc --enable-targets=all --enable-multiarch --disable-werror --with-arch-32=i686 --with-multilib-list=m32,m64,mx32 --with-tune=generic --enable-checking=release --build=i686-linux-gnu --host=i686-linux-gnu --target=i686-linux-gnu
Thread model: posix
gcc version 4.8.4 (Ubuntu 4.8.4-2ubuntu1~14.04.1) 
COMPILER_PATH=/usr/lib/gcc/i686-linux-gnu/4.8/:/usr/lib/gcc/i686-linux-gnu/4.8/:/usr/lib/gcc/i686-linux-gnu/:/usr/lib/gcc/i686-linux-gnu/4.8/:/usr/lib/gcc/i686-linux-gnu/
LIBRARY_PATH=/usr/lib/gcc/i686-linux-gnu/4.8/:/usr/lib/gcc/i686-linux-gnu/4.8/../../../i386-linux-gnu/:/usr/lib/gcc/i686-linux-gnu/4.8/../../../../lib/:/lib/i386-linux-gnu/:/lib/../lib/:/usr/lib/i386-linux-gnu/:/usr/lib/../lib/:/usr/lib/gcc/i686-linux-gnu/4.8/../../../:/lib/:/usr/lib/
COLLECT_GCC_OPTIONS='-v' '-o' 'cmTC_767c0' '-rdynamic' '-shared-libgcc' '-mtune=generic' '-march=i686'
 /usr/lib/gcc/i686-linux-gnu/4.8/collect2 --sysroot=/ --build-id --eh-frame-hdr -m elf_i386 --hash-style=gnu --as-needed -export-dynamic -dynamic-linker /lib/ld-linux.so.2 -z relro -o cmTC_767c0 /usr/lib/gcc/i686-linux-gnu/4.8/../../../i386-linux-gnu/crt1.o /usr/lib/gcc/i686-linux-gnu/4.8/../../../i386-linux-gnu/crti.o /usr/lib/gcc/i686-linux-gnu/4.8/crtbegin.o -L/usr/lib/gcc/i686-linux-gnu/4.8 -L/usr/lib/gcc/i686-linux-gnu/4.8/../../../i386-linux-gnu -L/usr/lib/gcc/i686-linux-gnu/4.8/../../../../lib -L/lib/i386-linux-gnu -L/lib/../lib -L/usr/lib/i386-linux-gnu -L/usr/lib/../lib -L/usr/lib/gcc/i686-linux-gnu/4.8/../../.. CMakeFiles/cmTC_767c0.dir/CMakeCXXCompilerABI.cpp.o -lstdc++ -lm -lgcc_s -lgcc -lc -lgcc_s -lgcc /usr/lib/gcc/i686-linux-gnu/4.8/crtend.o /usr/lib/gcc/i686-linux-gnu/4.8/../../../i386-linux-gnu/crtn.o
make[1]: Leaving directory `/home/nicolas/workspace/Copy of TpFinal/glog/CMakeFiles/CMakeTmp'


Parsed CXX implicit link information from above output:
  link line regex: [^( *|.*[/\])(ld|([^/\]+-)?ld|collect2)[^/\]*( |$)]
  ignore line: [Change Dir: /home/nicolas/workspace/Copy of TpFinal/glog/CMakeFiles/CMakeTmp]
  ignore line: []
  ignore line: [Run Build Command:"/usr/bin/make" "cmTC_767c0/fast"]
  ignore line: [/usr/bin/make -f CMakeFiles/cmTC_767c0.dir/build.make CMakeFiles/cmTC_767c0.dir/build]
  ignore line: [make[1]: Entering directory `/home/nicolas/workspace/Copy of TpFinal/glog/CMakeFiles/CMakeTmp']
  ignore line: [Building CXX object CMakeFiles/cmTC_767c0.dir/CMakeCXXCompilerABI.cpp.o]
  ignore line: [/usr/bin/c++      -o CMakeFiles/cmTC_767c0.dir/CMakeCXXCompilerABI.cpp.o -c /usr/local/share/cmake-3.5/Modules/CMakeCXXCompilerABI.cpp]
  ignore line: [Linking CXX executable cmTC_767c0]
  ignore line: [/usr/local/bin/cmake -E cmake_link_script CMakeFiles/cmTC_767c0.dir/link.txt --verbose=1]
  ignore line: [/usr/bin/c++       -v CMakeFiles/cmTC_767c0.dir/CMakeCXXCompilerABI.cpp.o  -o cmTC_767c0 -rdynamic  ]
  ignore line: [Using built-in specs.]
  ignore line: [COLLECT_GCC=/usr/bin/c++]
  ignore line: [COLLECT_LTO_WRAPPER=/usr/lib/gcc/i686-linux-gnu/4.8/lto-wrapper]
  ignore line: [Target: i686-linux-gnu]
  ignore line: [Configured with: ../src/configure -v --with-pkgversion='Ubuntu 4.8.4-2ubuntu1~14.04.1' --with-bugurl=file:///usr/share/doc/gcc-4.8/README.Bugs --enable-languages=c,c++,java,go,d,fortran,objc,obj-c++ --prefix=/usr --program-suffix=-4.8 --enable-shared --enable-linker-build-id --libexecdir=/usr/lib --without-included-gettext --enable-threads=posix --with-gxx-include-dir=/usr/include/c++/4.8 --libdir=/usr/lib --enable-nls --with-sysroot=/ --enable-clocale=gnu --enable-libstdcxx-debug --enable-libstdcxx-time=yes --enable-gnu-unique-object --disable-libmudflap --enable-plugin --with-system-zlib --disable-browser-plugin --enable-java-awt=gtk --enable-gtk-cairo --with-java-home=/usr/lib/jvm/java-1.5.0-gcj-4.8-i386/jre --enable-java-home --with-jvm-root-dir=/usr/lib/jvm/java-1.5.0-gcj-4.8-i386 --with-jvm-jar-dir=/usr/lib/jvm-exports/java-1.5.0-gcj-4.8-i386 --with-arch-directory=i386 --with-ecj-jar=/usr/share/java/eclipse-ecj.jar --enable-objc-gc --enable-targets=all --enable-multiarch --disable-werror --with-arch-32=i686 --with-multilib-list=m32,m64,mx32 --with-tune=generic --enable-checking=release --build=i686-linux-gnu --host=i686-linux-gnu --target=i686-linux-gnu]
  ignore line: [Thread model: posix]
  ignore line: [gcc version 4.8.4 (Ubuntu 4.8.4-2ubuntu1~14.04.1) ]
  ignore line: [COMPILER_PATH=/usr/lib/gcc/i686-linux-gnu/4.8/:/usr/lib/gcc/i686-linux-gnu/4.8/:/usr/lib/gcc/i686-linux-gnu/:/usr/lib/gcc/i686-linux-gnu/4.8/:/usr/lib/gcc/i686-linux-gnu/]
  ignore line: [LIBRARY_PATH=/usr/lib/gcc/i686-linux-gnu/4.8/:/usr/lib/gcc/i686-linux-gnu/4.8/../../../i386-linux-gnu/:/usr/lib/gcc/i686-linux-gnu/4.8/../../../../lib/:/lib/i386-linux-gnu/:/lib/../lib/:/usr/lib/i386-linux-gnu/:/usr/lib/../lib/:/usr/lib/gcc/i686-linux-gnu/4.8/../../../:/lib/:/usr/lib/]
  ignore line: [COLLECT_GCC_OPTIONS='-v' '-o' 'cmTC_767c0' '-rdynamic' '-shared-libgcc' '-mtune=generic' '-march=i686']
  link line: [ /usr/lib/gcc/i686-linux-gnu/4.8/collect2 --sysroot=/ --build-id --eh-frame-hdr -m elf_i386 --hash-style=gnu --as-needed -export-dynamic -dynamic-linker /lib/ld-linux.so.2 -z relro -o cmTC_767c0 /usr/lib/gcc/i686-linux-gnu/4.8/../../../i386-linux-gnu/crt1.o /usr/lib/gcc/i686-linux-gnu/4.8/../../../i386-linux-gnu/crti.o /usr/lib/gcc/i686-linux-gnu/4.8/crtbegin.o -L/usr/lib/gcc/i686-linux-gnu/4.8 -L/usr/lib/gcc/i686-linux-gnu/4.8/../../../i386-linux-gnu -L/usr/lib/gcc/i686-linux-gnu/4.8/../../../../lib -L/lib/i386-linux-gnu -L/lib/../lib -L/usr/lib/i386-linux-gnu -L/usr/lib/../lib -L/usr/lib/gcc/i686-linux-gnu/4.8/../../.. CMakeFiles/cmTC_767c0.dir/CMakeCXXCompilerABI.cpp.o -lstdc++ -lm -lgcc_s -lgcc -lc -lgcc_s -lgcc /usr/lib/gcc/i686-linux-gnu/4.8/crtend.o /usr/lib/gcc/i686-linux-gnu/4.8/../../../i386-linux-gnu/crtn.o]
    arg [/usr/lib/gcc/i686-linux-gnu/4.8/collect2] ==> ignore
    arg [--sysroot=/] ==> ignore
    arg [--build-id] ==> ignore
    arg [--eh-frame-hdr] ==> ignore
    arg [-m] ==> ignore
    arg [elf_i386] ==> ignore
    arg [--hash-style=gnu] ==> ignore
    arg [--as-needed] ==> ignore
    arg [-export-dynamic] ==> ignore
    arg [-dynamic-linker] ==> ignore
    arg [/lib/ld-linux.so.2] ==> ignore
    arg [-zrelro] ==> ignore
    arg [-o] ==> ignore
    arg [cmTC_767c0] ==> ignore
    arg [/usr/lib/gcc/i686-linux-gnu/4.8/../../../i386-linux-gnu/crt1.o] ==> ignore
    arg [/usr/lib/gcc/i686-linux-gnu/4.8/../../../i386-linux-gnu/crti.o] ==> ignore
    arg [/usr/lib/gcc/i686-linux-gnu/4.8/crtbegin.o] ==> ignore
    arg [-L/usr/lib/gcc/i686-linux-gnu/4.8] ==> dir [/usr/lib/gcc/i686-linux-gnu/4.8]
    arg [-L/usr/lib/gcc/i686-linux-gnu/4.8/../../../i386-linux-gnu] ==> dir [/usr/lib/gcc/i686-linux-gnu/4.8/../../../i386-linux-gnu]
    arg [-L/usr/lib/gcc/i686-linux-gnu/4.8/../../../../lib] ==> dir [/usr/lib/gcc/i686-linux-gnu/4.8/../../../../lib]
    arg [-L/lib/i386-linux-gnu] ==> dir [/lib/i386-linux-gnu]
    arg [-L/lib/../lib] ==> dir [/lib/../lib]
    arg [-L/usr/lib/i386-linux-gnu] ==> dir [/usr/lib/i386-linux-gnu]
    arg [-L/usr/lib/../lib] ==> dir [/usr/lib/../lib]
    arg [-L/usr/lib/gcc/i686-linux-gnu/4.8/../../..] ==> dir [/usr/lib/gcc/i686-linux-gnu/4.8/../../..]
    arg [CMakeFiles/cmTC_767c0.dir/CMakeCXXCompilerABI.cpp.o] ==> ignore
    arg [-lstdc++] ==> lib [stdc++]
    arg [-lm] ==> lib [m]
    arg [-lgcc_s] ==> lib [gcc_s]
    arg [-lgcc] ==> lib [gcc]
    arg [-lc] ==> lib [c]
    arg [-lgcc_s] ==> lib [gcc_s]
    arg [-lgcc] ==> lib [gcc]
    arg [/usr/lib/gcc/i686-linux-gnu/4.8/crtend.o] ==> ignore
    arg [/usr/lib/gcc/i686-linux-gnu/4.8/../../../i386-linux-gnu/crtn.o] ==> ignore
  remove lib [gcc_s]
  remove lib [gcc]
  remove lib [gcc_s]
  remove lib [gcc]
  collapse library dir [/usr/lib/gcc/i686-linux-gnu/4.8] ==> [/usr/lib/gcc/i686-linux-gnu/4.8]
  collapse library dir [/usr/lib/gcc/i686-linux-gnu/4.8/../../../i386-linux-gnu] ==> [/usr/lib/i386-linux-gnu]
  collapse library dir [/usr/lib/gcc/i686-linux-gnu/4.8/../../../../lib] ==> [/usr/lib]
  collapse library dir [/lib/i386-linux-gnu] ==> [/lib/i386-linux-gnu]
  collapse library dir [/lib/../lib] ==> [/lib]
  collapse library dir [/usr/lib/i386-linux-gnu] ==> [/usr/lib/i386-linux-gnu]
  collapse library dir [/usr/lib/../lib] ==> [/usr/lib]
  collapse library dir [/usr/lib/gcc/i686-linux-gnu/4.8/../../..] ==> [/usr/lib]
  implicit libs: [stdc++;m;c]
  implicit dirs: [/usr/lib/gcc/i686-linux-gnu/4.8;/usr/lib/i386-linux-gnu;/usr/lib;/lib/i386-linux-gnu;/lib]
  implicit fwks: []




Detecting CXX [-std=c++1y] compiler features compiled with the following output:
Change Dir: /home/nicolas/workspace/Copy of TpFinal/glog/CMakeFiles/CMakeTmp

Run Build Command:"/usr/bin/make" "cmTC_a2593/fast"
/usr/bin/make -f CMakeFiles/cmTC_a2593.dir/build.make CMakeFiles/cmTC_a2593.dir/build
make[1]: Entering directory `/home/nicolas/workspace/Copy of TpFinal/glog/CMakeFiles/CMakeTmp'
Building CXX object CMakeFiles/cmTC_a2593.dir/feature_tests.cxx.o
/usr/bin/c++     -std=c++1y -o CMakeFiles/cmTC_a2593.dir/feature_tests.cxx.o -c "/home/nicolas/workspace/Copy of TpFinal/glog/CMakeFiles/feature_tests.cxx"
Linking CXX executable cmTC_a2593
/usr/local/bin/cmake -E cmake_link_script CMakeFiles/cmTC_a2593.dir/link.txt --verbose=1
/usr/bin/c++        CMakeFiles/cmTC_a2593.dir/feature_tests.cxx.o  -o cmTC_a2593 -rdynamic 
make[1]: Leaving directory `/home/nicolas/workspace/Copy of TpFinal/glog/CMakeFiles/CMakeTmp'


    Feature record: CXX_FEATURE:0cxx_aggregate_default_initializers
    Feature record: CXX_FEATURE:1cxx_alias_templates
    Feature record: CXX_FEATURE:1cxx_alignas
    Feature record: CXX_FEATURE:1cxx_alignof
    Feature record: CXX_FEATURE:1cxx_attributes
    Feature record: CXX_FEATURE:0cxx_attribute_deprecated
    Feature record: CXX_FEATURE:1cxx_auto_type
    Feature record: CXX_FEATURE:0cxx_binary_literals
    Feature record: CXX_FEATURE:1cxx_constexpr
    Feature record: CXX_FEATURE:0cxx_contextual_conversions
    Feature record: CXX_FEATURE:1cxx_decltype
    Feature record: CXX_FEATURE:0cxx_decltype_auto
    Feature record: CXX_FEATURE:1cxx_decltype_incomplete_return_types
    Feature record: CXX_FEATURE:1cxx_default_function_template_args
    Feature record: CXX_FEATURE:1cxx_defaulted_functions
    Feature record: CXX_FEATURE:1cxx_defaulted_move_initializers
    Feature record: CXX_FEATURE:1cxx_delegating_constructors
    Feature record: CXX_FEATURE:1cxx_deleted_functions
    Feature record: CXX_FEATURE:0cxx_digit_separators
    Feature record: CXX_FEATURE:1cxx_enum_forward_declarations
    Feature record: CXX_FEATURE:1cxx_explicit_conversions
    Feature record: CXX_FEATURE:1cxx_extended_friend_declarations
    Feature record: CXX_FEATURE:1cxx_extern_templates
    Feature record: CXX_FEATURE:1cxx_final
    Feature record: CXX_FEATURE:1cxx_func_identifier
    Feature record: CXX_FEATURE:1cxx_generalized_initializers
    Feature record: CXX_FEATURE:0cxx_generic_lambdas
    Feature record: CXX_FEATURE:1cxx_inheriting_constructors
    Feature record: CXX_FEATURE:1cxx_inline_namespaces
    Feature record: CXX_FEATURE:1cxx_lambdas
    Feature record: CXX_FEATURE:0cxx_lambda_init_captures
    Feature record: CXX_FEATURE:1cxx_local_type_template_args
    Feature record: CXX_FEATURE:1cxx_long_long_type
    Feature record: CXX_FEATURE:1cxx_noexcept
    Feature record: CXX_FEATURE:1cxx_nonstatic_member_init
    Feature record: CXX_FEATURE:1cxx_nullptr
    Feature record: CXX_FEATURE:1cxx_override
    Feature record: CXX_FEATURE:1cxx_range_for
    Feature record: CXX_FEATURE:1cxx_raw_string_literals
    Feature record: CXX_FEATURE:1cxx_reference_qualified_functions
    Feature record: CXX_FEATURE:0cxx_relaxed_constexpr
    Feature record: CXX_FEATURE:0cxx_return_type_deduction
    Feature record: CXX_FEATURE:1cxx_right_angle_brackets
    Feature record: CXX_FEATURE:1cxx_rvalue_references
    Feature record: CXX_FEATURE:1cxx_sizeof_member
    Feature record: CXX_FEATURE:1cxx_static_assert
    Feature record: CXX_FEATURE:1cxx_strong_enums
    Feature record: CXX_FEATURE:1cxx_template_template_parameters
    Feature record: CXX_FEATURE:1cxx_thread_local
    Feature record: CXX_FEATURE:1cxx_trailing_return_types
    Feature record: CXX_FEATURE:1cxx_unicode_literals
    Feature record: CXX_FEATURE:1cxx_uniform_initialization
    Feature record: CXX_FEATURE:1cxx_unrestricted_unions
    Feature record: CXX_FEATURE:1cxx_user_literals
    Feature record: CXX_FEATURE:0cxx_variable_templates
    Feature record: CXX_FEATURE:1cxx_variadic_macros
    Feature record: CXX_FEATURE:1cxx_variadic_templates


Detecting CXX [-std=c++11] compiler features compiled with the following output:
Change Dir: /home/nicolas/workspace/Copy of TpFinal/glog/CMakeFiles/CMakeTmp

Run Build Command:"/usr/bin/make" "cmTC_47ec7/fast"
/usr/bin/make -f CMakeFiles/cmTC_47ec7.dir/build.make CMakeFiles/cmTC_47ec7.dir/build
make[1]: Entering directory `/home/nicolas/workspace/Copy of TpFinal/glog/CMakeFiles/CMakeTmp'
Building CXX object CMakeFiles/cmTC_47ec7.dir/feature_tests.cxx.o
/usr/bin/c++     -std=c++11 -o CMakeFiles/cmTC_47ec7.dir/feature_tests.cxx.o -c "/home/nicolas/workspace/Copy of TpFinal/glog/CMakeFiles/feature_tests.cxx"
Linking CXX executable cmTC_47ec7
/usr/local/bin/cmake -E cmake_link_script CMakeFiles/cmTC_47ec7.dir/link.txt --verbose=1
/usr/bin/c++        CMakeFiles/cmTC_47ec7.dir/feature_tests.cxx.o  -o cmTC_47ec7 -rdynamic 
make[1]: Leaving directory `/home/nicolas/workspace/Copy of TpFinal/glog/CMakeFiles/CMakeTmp'


    Feature record: CXX_FEATURE:0cxx_aggregate_default_initializers
    Feature record: CXX_FEATURE:1cxx_alias_templates
    Feature record: CXX_FEATURE:1cxx_alignas
    Feature record: CXX_FEATURE:1cxx_alignof
    Feature record: CXX_FEATURE:1cxx_attributes
    Feature record: CXX_FEATURE:0cxx_attribute_deprecated
    Feature record: CXX_FEATURE:1cxx_auto_type
    Feature record: CXX_FEATURE:0cxx_binary_literals
    Feature record: CXX_FEATURE:1cxx_constexpr
    Feature record: CXX_FEATURE:0cxx_contextual_conversions
    Feature record: CXX_FEATURE:1cxx_decltype
    Feature record: CXX_FEATURE:0cxx_decltype_auto
    Feature record: CXX_FEATURE:1cxx_decltype_incomplete_return_types
    Feature record: CXX_FEATURE:1cxx_default_function_template_args
    Feature record: CXX_FEATURE:1cxx_defaulted_functions
    Feature record: CXX_FEATURE:1cxx_defaulted_move_initializers
    Feature record: CXX_FEATURE:1cxx_delegating_constructors
    Feature record: CXX_FEATURE:1cxx_deleted_functions
    Feature record: CXX_FEATURE:0cxx_digit_separators
    Feature record: CXX_FEATURE:1cxx_enum_forward_declarations
    Feature record: CXX_FEATURE:1cxx_explicit_conversions
    Feature record: CXX_FEATURE:1cxx_extended_friend_declarations
    Feature record: CXX_FEATURE:1cxx_extern_templates
    Feature record: CXX_FEATURE:1cxx_final
    Feature record: CXX_FEATURE:1cxx_func_identifier
    Feature record: CXX_FEATURE:1cxx_generalized_initializers
    Feature record: CXX_FEATURE:0cxx_generic_lambdas
    Feature record: CXX_FEATURE:1cxx_inheriting_constructors
    Feature record: CXX_FEATURE:1cxx_inline_namespaces
    Feature record: CXX_FEATURE:1cxx_lambdas
    Feature record: CXX_FEATURE:0cxx_lambda_init_captures
    Feature record: CXX_FEATURE:1cxx_local_type_template_args
    Feature record: CXX_FEATURE:1cxx_long_long_type
    Feature record: CXX_FEATURE:1cxx_noexcept
    Feature record: CXX_FEATURE:1cxx_nonstatic_member_init
    Feature record: CXX_FEATURE:1cxx_nullptr
    Feature record: CXX_FEATURE:1cxx_override
    Feature record: CXX_FEATURE:1cxx_range_for
    Feature record: CXX_FEATURE:1cxx_raw_string_literals
    Feature record: CXX_FEATURE:1cxx_reference_qualified_functions
    Feature record: CXX_FEATURE:0cxx_relaxed_constexpr
    Feature record: CXX_FEATURE:0cxx_return_type_deduction
    Feature record: CXX_FEATURE:1cxx_right_angle_brackets
    Feature record: CXX_FEATURE:1cxx_rvalue_references
    Feature record: CXX_FEATURE:1cxx_sizeof_member
    Feature record: CXX_FEATURE:1cxx_static_assert
    Feature record: CXX_FEATURE:1cxx_strong_enums
    Feature record: CXX_FEATURE:1cxx_template_template_parameters
    Feature record: CXX_FEATURE:1cxx_thread_local
    Feature record: CXX_FEATURE:1cxx_trailing_return_types
    Feature record: CXX_FEATURE:1cxx_unicode_literals
    Feature record: CXX_FEATURE:1cxx_uniform_initialization
    Feature record: CXX_FEATURE:1cxx_unrestricted_unions
    Feature record: CXX_FEATURE:1cxx_user_literals
    Feature record: CXX_FEATURE:0cxx_variable_templates
    Feature record: CXX_FEATURE:1cxx_variadic_macros
    Feature record: CXX_FEATURE:1cxx_variadic_templates


Detecting CXX [-std=c++98] compiler features compiled with the following output:
Change Dir: /home/nicolas/workspace/Copy of TpFinal/glog/CMakeFiles/CMakeTmp

Run Build Command:"/usr/bin/make" "cmTC_f6e79/fast"
/usr/bin/make -f CMakeFiles/cmTC_f6e79.dir/build.make CMakeFiles/cmTC_f6e79.dir/build
make[1]: Entering directory `/home/nicolas/workspace/Copy of TpFinal/glog/CMakeFiles/CMakeTmp'
Building CXX object CMakeFiles/cmTC_f6e79.dir/feature_tests.cxx.o
/usr/bin/c++     -std=c++98 -o CMakeFiles/cmTC_f6e79.dir/feature_tests.cxx.o -c "/home/nicolas/workspace/Copy of TpFinal/glog/CMakeFiles/feature_tests.cxx"
Linking CXX executable cmTC_f6e79
/usr/local/bin/cmake -E cmake_link_script CMakeFiles/cmTC_f6e79.dir/link.txt --verbose=1
/usr/bin/c++        CMakeFiles/cmTC_f6e79.dir/feature_tests.cxx.o  -o cmTC_f6e79 -rdynamic 
make[1]: Leaving directory `/home/nicolas/workspace/Copy of TpFinal/glog/CMakeFiles/CMakeTmp'


    Feature record: CXX_FEATURE:0cxx_aggregate_default_initializers
    Feature record: CXX_FEATURE:0cxx_alias_templates
    Feature record: CXX_FEATURE:0cxx_alignas
    Feature record: CXX_FEATURE:0cxx_alignof
    Feature record: CXX_FEATURE:0cxx_attributes
    Feature record: CXX_FEATURE:0cxx_attribute_deprecated
    Feature record: CXX_FEATURE:0cxx_auto_type
    Feature record: CXX_FEATURE:0cxx_binary_literals
    Feature record: CXX_FEATURE:0cxx_constexpr
    Feature record: CXX_FEATURE:0cxx_contextual_conversions
    Feature record: CXX_FEATURE:0cxx_decltype
    Feature record: CXX_FEATURE:0cxx_decltype_auto
    Feature record: CXX_FEATURE:0cxx_decltype_incomplete_return_types
    Feature record: CXX_FEATURE:0cxx_default_function_template_args
    Feature record: CXX_FEATURE:0cxx_defaulted_functions
    Feature record: CXX_FEATURE:0cxx_defaulted_move_initializers
    Feature record: CXX_FEATURE:0cxx_delegating_constructors
    Feature record: CXX_FEATURE:0cxx_deleted_functions
    Feature record: CXX_FEATURE:0cxx_digit_separators
    Feature record: CXX_FEATURE:0cxx_enum_forward_declarations
    Feature record: CXX_FEATURE:0cxx_explicit_conversions
    Feature record: CXX_FEATURE:0cxx_extended_friend_declarations
    Feature record: CXX_FEATURE:0cxx_extern_templates
    Feature record: CXX_FEATURE:0cxx_final
    Feature record: CXX_FEATURE:0cxx_func_identifier
    Feature record: CXX_FEATURE:0cxx_generalized_initializers
    Feature record: CXX_FEATURE:0cxx_generic_lambdas
    Feature record: CXX_FEATURE:0cxx_inheriting_constructors
    Feature record: CXX_FEATURE:0cxx_inline_namespaces
    Feature record: CXX_FEATURE:0cxx_lambdas
    Feature record: CXX_FEATURE:0cxx_lambda_init_captures
    Feature record: CXX_FEATURE:0cxx_local_type_template_args
    Feature record: CXX_FEATURE:0cxx_long_long_type
    Feature record: CXX_FEATURE:0cxx_noexcept
    Feature record: CXX_FEATURE:0cxx_nonstatic_member_init
    Feature record: CXX_FEATURE:0cxx_nullptr
    Feature record: CXX_FEATURE:0cxx_override
    Feature record: CXX_FEATURE:0cxx_range_for
    Feature record: CXX_FEATURE:0cxx_raw_string_literals
    Feature record: CXX_FEATURE:0cxx_reference_qualified_functions
    Feature record: CXX_FEATURE:0cxx_relaxed_constexpr
    Feature record: CXX_FEATURE:0cxx_return_type_deduction
    Feature record: CXX_FEATURE:0cxx_right_angle_brackets
    Feature record: CXX_FEATURE:0cxx_rvalue_references
    Feature record: CXX_FEATURE:0cxx_sizeof_member
    Feature record: CXX_FEATURE:0cxx_static_assert
    Feature record: CXX_FEATURE:0cxx_strong_enums
    Feature record: CXX_FEATURE:1cxx_template_template_parameters
    Feature record: CXX_FEATURE:0cxx_thread_local
    Feature record: CXX_FEATURE:0cxx_trailing_return_types
    Feature record: CXX_FEATURE:0cxx_unicode_literals
    Feature record: CXX_FEATURE:0cxx_uniform_initialization
    Feature record: CXX_FEATURE:0cxx_unrestricted_unions
    Feature record: CXX_FEATURE:0cxx_user_literals
    Feature record: CXX_FEATURE:0cxx_variable_templates
    Feature record: CXX_FEATURE:0cxx_variadic_macros
    Feature record: CXX_FEATURE:0cxx_variadic_templates
Determining if the include file pthread.h exists passed with the following output:
Change Dir: /home/nicolas/workspace/Copy of TpFinal/glog/CMakeFiles/CMakeTmp

Run Build Command:"/usr/bin/make" "cmTC_0de0b/fast"
/usr/bin/make -f CMakeFiles/cmTC_0de0b.dir/build.make CMakeFiles/cmTC_0de0b.dir/build
make[1]: Entering directory `/home/nicolas/workspace/Copy of TpFinal/glog/CMakeFiles/CMakeTmp'
Building C object CMakeFiles/cmTC_0de0b.dir/CheckIncludeFile.c.o
/usr/bin/cc     -o CMakeFiles/cmTC_0de0b.dir/CheckIncludeFile.c.o   -c "/home/nicolas/workspace/Copy of TpFinal/glog/CMakeFiles/CMakeTmp/CheckIncludeFile.c"
Linking C executable cmTC_0de0b
/usr/local/bin/cmake -E cmake_link_script CMakeFiles/cmTC_0de0b.dir/link.txt --verbose=1
/usr/bin/cc       CMakeFiles/cmTC_0de0b.dir/CheckIncludeFile.c.o  -o cmTC_0de0b -rdynamic 
make[1]: Leaving directory `/home/nicolas/workspace/Copy of TpFinal/glog/CMakeFiles/CMakeTmp'


Determining if the function pthread_create exists in the pthread passed with the following output:
Change Dir: /home/nicolas/workspace/Copy of TpFinal/glog/CMakeFiles/CMakeTmp

Run Build Command:"/usr/bin/make" "cmTC_b8516/fast"
/usr/bin/make -f CMakeFiles/cmTC_b8516.dir/build.make CMakeFiles/cmTC_b8516.dir/build
make[1]: Entering directory `/home/nicolas/workspace/Copy of TpFinal/glog/CMakeFiles/CMakeTmp'
Building C object CMakeFiles/cmTC_b8516.dir/CheckFunctionExists.c.o
/usr/bin/cc    -DCHECK_FUNCTION_EXISTS=pthread_create   -o CMakeFiles/cmTC_b8516.dir/CheckFunctionExists.c.o   -c /usr/local/share/cmake-3.5/Modules/CheckFunctionExists.c
Linking C executable cmTC_b8516
/usr/local/bin/cmake -E cmake_link_script CMakeFiles/cmTC_b8516.dir/link.txt --verbose=1
/usr/bin/cc   -DCHECK_FUNCTION_EXISTS=pthread_create    CMakeFiles/cmTC_b8516.dir/CheckFunctionExists.c.o  -o cmTC_b8516 -rdynamic -lpthread 
make[1]: Leaving directory `/home/nicolas/workspace/Copy of TpFinal/glog/CMakeFiles/CMakeTmp'


Determining if the include file dlfcn.h exists passed with the following output:
Change Dir: /home/nicolas/workspace/Copy of TpFinal/glog/CMakeFiles/CMakeTmp

Run Build Command:"/usr/bin/make" "cmTC_f8114/fast"
/usr/bin/make -f CMakeFiles/cmTC_f8114.dir/build.make CMakeFiles/cmTC_f8114.dir/build
make[1]: Entering directory `/home/nicolas/workspace/Copy of TpFinal/glog/CMakeFiles/CMakeTmp'
Building C object CMakeFiles/cmTC_f8114.dir/CheckIncludeFile.c.o
/usr/bin/cc     -o CMakeFiles/cmTC_f8114.dir/CheckIncludeFile.c.o   -c "/home/nicolas/workspace/Copy of TpFinal/glog/CMakeFiles/CMakeTmp/CheckIncludeFile.c"
Linking C executable cmTC_f8114
/usr/local/bin/cmake -E cmake_link_script CMakeFiles/cmTC_f8114.dir/link.txt --verbose=1
/usr/bin/cc       CMakeFiles/cmTC_f8114.dir/CheckIncludeFile.c.o  -o cmTC_f8114 -rdynamic 
make[1]: Leaving directory `/home/nicolas/workspace/Copy of TpFinal/glog/CMakeFiles/CMakeTmp'


Determining if the include file execinfo.h exists passed with the following output:
Change Dir: /home/nicolas/workspace/Copy of TpFinal/glog/CMakeFiles/CMakeTmp

Run Build Command:"/usr/bin/make" "cmTC_37e14/fast"
/usr/bin/make -f CMakeFiles/cmTC_37e14.dir/build.make CMakeFiles/cmTC_37e14.dir/build
make[1]: Entering directory `/home/nicolas/workspace/Copy of TpFinal/glog/CMakeFiles/CMakeTmp'
Building C object CMakeFiles/cmTC_37e14.dir/CheckIncludeFile.c.o
/usr/bin/cc     -o CMakeFiles/cmTC_37e14.dir/CheckIncludeFile.c.o   -c "/home/nicolas/workspace/Copy of TpFinal/glog/CMakeFiles/CMakeTmp/CheckIncludeFile.c"
Linking C executable cmTC_37e14
/usr/local/bin/cmake -E cmake_link_script CMakeFiles/cmTC_37e14.dir/link.txt --verbose=1
/usr/bin/cc       CMakeFiles/cmTC_37e14.dir/CheckIncludeFile.c.o  -o cmTC_37e14 -rdynamic 
make[1]: Leaving directory `/home/nicolas/workspace/Copy of TpFinal/glog/CMakeFiles/CMakeTmp'


Determining if the include file glob.h exists passed with the following output:
Change Dir: /home/nicolas/workspace/Copy of TpFinal/glog/CMakeFiles/CMakeTmp

Run Build Command:"/usr/bin/make" "cmTC_4e65b/fast"
/usr/bin/make -f CMakeFiles/cmTC_4e65b.dir/build.make CMakeFiles/cmTC_4e65b.dir/build
make[1]: Entering directory `/home/nicolas/workspace/Copy of TpFinal/glog/CMakeFiles/CMakeTmp'
Building C object CMakeFiles/cmTC_4e65b.dir/CheckIncludeFile.c.o
/usr/bin/cc     -o CMakeFiles/cmTC_4e65b.dir/CheckIncludeFile.c.o   -c "/home/nicolas/workspace/Copy of TpFinal/glog/CMakeFiles/CMakeTmp/CheckIncludeFile.c"
Linking C executable cmTC_4e65b
/usr/local/bin/cmake -E cmake_link_script CMakeFiles/cmTC_4e65b.dir/link.txt --verbose=1
/usr/bin/cc       CMakeFiles/cmTC_4e65b.dir/CheckIncludeFile.c.o  -o cmTC_4e65b -rdynamic 
make[1]: Leaving directory `/home/nicolas/workspace/Copy of TpFinal/glog/CMakeFiles/CMakeTmp'


Determining if the include file inttypes.h exists passed with the following output:
Change Dir: /home/nicolas/workspace/Copy of TpFinal/glog/CMakeFiles/CMakeTmp

Run Build Command:"/usr/bin/make" "cmTC_644ee/fast"
/usr/bin/make -f CMakeFiles/cmTC_644ee.dir/build.make CMakeFiles/cmTC_644ee.dir/build
make[1]: Entering directory `/home/nicolas/workspace/Copy of TpFinal/glog/CMakeFiles/CMakeTmp'
Building C object CMakeFiles/cmTC_644ee.dir/CheckIncludeFile.c.o
/usr/bin/cc     -o CMakeFiles/cmTC_644ee.dir/CheckIncludeFile.c.o   -c "/home/nicolas/workspace/Copy of TpFinal/glog/CMakeFiles/CMakeTmp/CheckIncludeFile.c"
Linking C executable cmTC_644ee
/usr/local/bin/cmake -E cmake_link_script CMakeFiles/cmTC_644ee.dir/link.txt --verbose=1
/usr/bin/cc       CMakeFiles/cmTC_644ee.dir/CheckIncludeFile.c.o  -o cmTC_644ee -rdynamic 
make[1]: Leaving directory `/home/nicolas/workspace/Copy of TpFinal/glog/CMakeFiles/CMakeTmp'


Determining if the include file memory.h exists passed with the following output:
Change Dir: /home/nicolas/workspace/Copy of TpFinal/glog/CMakeFiles/CMakeTmp

Run Build Command:"/usr/bin/make" "cmTC_0b2f5/fast"
/usr/bin/make -f CMakeFiles/cmTC_0b2f5.dir/build.make CMakeFiles/cmTC_0b2f5.dir/build
make[1]: Entering directory `/home/nicolas/workspace/Copy of TpFinal/glog/CMakeFiles/CMakeTmp'
Building C object CMakeFiles/cmTC_0b2f5.dir/CheckIncludeFile.c.o
/usr/bin/cc     -o CMakeFiles/cmTC_0b2f5.dir/CheckIncludeFile.c.o   -c "/home/nicolas/workspace/Copy of TpFinal/glog/CMakeFiles/CMakeTmp/CheckIncludeFile.c"
Linking C executable cmTC_0b2f5
/usr/local/bin/cmake -E cmake_link_script CMakeFiles/cmTC_0b2f5.dir/link.txt --verbose=1
/usr/bin/cc       CMakeFiles/cmTC_0b2f5.dir/CheckIncludeFile.c.o  -o cmTC_0b2f5 -rdynamic 
make[1]: Leaving directory `/home/nicolas/workspace/Copy of TpFinal/glog/CMakeFiles/CMakeTmp'


Determining if the include file pwd.h exists passed with the following output:
Change Dir: /home/nicolas/workspace/Copy of TpFinal/glog/CMakeFiles/CMakeTmp

Run Build Command:"/usr/bin/make" "cmTC_12d46/fast"
/usr/bin/make -f CMakeFiles/cmTC_12d46.dir/build.make CMakeFiles/cmTC_12d46.dir/build
make[1]: Entering directory `/home/nicolas/workspace/Copy of TpFinal/glog/CMakeFiles/CMakeTmp'
Building C object CMakeFiles/cmTC_12d46.dir/CheckIncludeFile.c.o
/usr/bin/cc     -o CMakeFiles/cmTC_12d46.dir/CheckIncludeFile.c.o   -c "/home/nicolas/workspace/Copy of TpFinal/glog/CMakeFiles/CMakeTmp/CheckIncludeFile.c"
Linking C executable cmTC_12d46
/usr/local/bin/cmake -E cmake_link_script CMakeFiles/cmTC_12d46.dir/link.txt --verbose=1
/usr/bin/cc       CMakeFiles/cmTC_12d46.dir/CheckIncludeFile.c.o  -o cmTC_12d46 -rdynamic 
make[1]: Leaving directory `/home/nicolas/workspace/Copy of TpFinal/glog/CMakeFiles/CMakeTmp'


Determining if the include file stdint.h exists passed with the following output:
Change Dir: /home/nicolas/workspace/Copy of TpFinal/glog/CMakeFiles/CMakeTmp

Run Build Command:"/usr/bin/make" "cmTC_62c50/fast"
/usr/bin/make -f CMakeFiles/cmTC_62c50.dir/build.make CMakeFiles/cmTC_62c50.dir/build
make[1]: Entering directory `/home/nicolas/workspace/Copy of TpFinal/glog/CMakeFiles/CMakeTmp'
Building C object CMakeFiles/cmTC_62c50.dir/CheckIncludeFile.c.o
/usr/bin/cc     -o CMakeFiles/cmTC_62c50.dir/CheckIncludeFile.c.o   -c "/home/nicolas/workspace/Copy of TpFinal/glog/CMakeFiles/CMakeTmp/CheckIncludeFile.c"
Linking C executable cmTC_62c50
/usr/local/bin/cmake -E cmake_link_script CMakeFiles/cmTC_62c50.dir/link.txt --verbose=1
/usr/bin/cc       CMakeFiles/cmTC_62c50.dir/CheckIncludeFile.c.o  -o cmTC_62c50 -rdynamic 
make[1]: Leaving directory `/home/nicolas/workspace/Copy of TpFinal/glog/CMakeFiles/CMakeTmp'


Determining if the include file stdlib.h exists passed with the following output:
Change Dir: /home/nicolas/workspace/Copy of TpFinal/glog/CMakeFiles/CMakeTmp

Run Build Command:"/usr/bin/make" "cmTC_62906/fast"
/usr/bin/make -f CMakeFiles/cmTC_62906.dir/build.make CMakeFiles/cmTC_62906.dir/build
make[1]: Entering directory `/home/nicolas/workspace/Copy of TpFinal/glog/CMakeFiles/CMakeTmp'
Building C object CMakeFiles/cmTC_62906.dir/CheckIncludeFile.c.o
/usr/bin/cc     -o CMakeFiles/cmTC_62906.dir/CheckIncludeFile.c.o   -c "/home/nicolas/workspace/Copy of TpFinal/glog/CMakeFiles/CMakeTmp/CheckIncludeFile.c"
Linking C executable cmTC_62906
/usr/local/bin/cmake -E cmake_link_script CMakeFiles/cmTC_62906.dir/link.txt --verbose=1
/usr/bin/cc       CMakeFiles/cmTC_62906.dir/CheckIncludeFile.c.o  -o cmTC_62906 -rdynamic 
make[1]: Leaving directory `/home/nicolas/workspace/Copy of TpFinal/glog/CMakeFiles/CMakeTmp'


Determining if the include file string.h exists passed with the following output:
Change Dir: /home/nicolas/workspace/Copy of TpFinal/glog/CMakeFiles/CMakeTmp

Run Build Command:"/usr/bin/make" "cmTC_c292c/fast"
/usr/bin/make -f CMakeFiles/cmTC_c292c.dir/build.make CMakeFiles/cmTC_c292c.dir/build
make[1]: Entering directory `/home/nicolas/workspace/Copy of TpFinal/glog/CMakeFiles/CMakeTmp'
Building C object CMakeFiles/cmTC_c292c.dir/CheckIncludeFile.c.o
/usr/bin/cc     -o CMakeFiles/cmTC_c292c.dir/CheckIncludeFile.c.o   -c "/home/nicolas/workspace/Copy of TpFinal/glog/CMakeFiles/CMakeTmp/CheckIncludeFile.c"
Linking C executable cmTC_c292c
/usr/local/bin/cmake -E cmake_link_script CMakeFiles/cmTC_c292c.dir/link.txt --verbose=1
/usr/bin/cc       CMakeFiles/cmTC_c292c.dir/CheckIncludeFile.c.o  -o cmTC_c292c -rdynamic 
make[1]: Leaving directory `/home/nicolas/workspace/Copy of TpFinal/glog/CMakeFiles/CMakeTmp'


Determining if the include file strings.h exists passed with the following output:
Change Dir: /home/nicolas/workspace/Copy of TpFinal/glog/CMakeFiles/CMakeTmp

Run Build Command:"/usr/bin/make" "cmTC_ca9f6/fast"
/usr/bin/make -f CMakeFiles/cmTC_ca9f6.dir/build.make CMakeFiles/cmTC_ca9f6.dir/build
make[1]: Entering directory `/home/nicolas/workspace/Copy of TpFinal/glog/CMakeFiles/CMakeTmp'
Building C object CMakeFiles/cmTC_ca9f6.dir/CheckIncludeFile.c.o
/usr/bin/cc     -o CMakeFiles/cmTC_ca9f6.dir/CheckIncludeFile.c.o   -c "/home/nicolas/workspace/Copy of TpFinal/glog/CMakeFiles/CMakeTmp/CheckIncludeFile.c"
Linking C executable cmTC_ca9f6
/usr/local/bin/cmake -E cmake_link_script CMakeFiles/cmTC_ca9f6.dir/link.txt --verbose=1
/usr/bin/cc       CMakeFiles/cmTC_ca9f6.dir/CheckIncludeFile.c.o  -o cmTC_ca9f6 -rdynamic 
make[1]: Leaving directory `/home/nicolas/workspace/Copy of TpFinal/glog/CMakeFiles/CMakeTmp'


Determining if the include file sys/stat.h exists passed with the following output:
Change Dir: /home/nicolas/workspace/Copy of TpFinal/glog/CMakeFiles/CMakeTmp

Run Build Command:"/usr/bin/make" "cmTC_7fae1/fast"
/usr/bin/make -f CMakeFiles/cmTC_7fae1.dir/build.make CMakeFiles/cmTC_7fae1.dir/build
make[1]: Entering directory `/home/nicolas/workspace/Copy of TpFinal/glog/CMakeFiles/CMakeTmp'
Building C object CMakeFiles/cmTC_7fae1.dir/CheckIncludeFile.c.o
/usr/bin/cc     -o CMakeFiles/cmTC_7fae1.dir/CheckIncludeFile.c.o   -c "/home/nicolas/workspace/Copy of TpFinal/glog/CMakeFiles/CMakeTmp/CheckIncludeFile.c"
Linking C executable cmTC_7fae1
/usr/local/bin/cmake -E cmake_link_script CMakeFiles/cmTC_7fae1.dir/link.txt --verbose=1
/usr/bin/cc       CMakeFiles/cmTC_7fae1.dir/CheckIncludeFile.c.o  -o cmTC_7fae1 -rdynamic 
make[1]: Leaving directory `/home/nicolas/workspace/Copy of TpFinal/glog/CMakeFiles/CMakeTmp'


Determining if the include file sys/syscall.h exists passed with the following output:
Change Dir: /home/nicolas/workspace/Copy of TpFinal/glog/CMakeFiles/CMakeTmp

Run Build Command:"/usr/bin/make" "cmTC_1f193/fast"
/usr/bin/make -f CMakeFiles/cmTC_1f193.dir/build.make CMakeFiles/cmTC_1f193.dir/build
make[1]: Entering directory `/home/nicolas/workspace/Copy of TpFinal/glog/CMakeFiles/CMakeTmp'
Building C object CMakeFiles/cmTC_1f193.dir/CheckIncludeFile.c.o
/usr/bin/cc     -o CMakeFiles/cmTC_1f193.dir/CheckIncludeFile.c.o   -c "/home/nicolas/workspace/Copy of TpFinal/glog/CMakeFiles/CMakeTmp/CheckIncludeFile.c"
Linking C executable cmTC_1f193
/usr/local/bin/cmake -E cmake_link_script CMakeFiles/cmTC_1f193.dir/link.txt --verbose=1
/usr/bin/cc       CMakeFiles/cmTC_1f193.dir/CheckIncludeFile.c.o  -o cmTC_1f193 -rdynamic 
make[1]: Leaving directory `/home/nicolas/workspace/Copy of TpFinal/glog/CMakeFiles/CMakeTmp'


Determining if the include file sys/time.h exists passed with the following output:
Change Dir: /home/nicolas/workspace/Copy of TpFinal/glog/CMakeFiles/CMakeTmp

Run Build Command:"/usr/bin/make" "cmTC_74432/fast"
/usr/bin/make -f CMakeFiles/cmTC_74432.dir/build.make CMakeFiles/cmTC_74432.dir/build
make[1]: Entering directory `/home/nicolas/workspace/Copy of TpFinal/glog/CMakeFiles/CMakeTmp'
Building C object CMakeFiles/cmTC_74432.dir/CheckIncludeFile.c.o
/usr/bin/cc     -o CMakeFiles/cmTC_74432.dir/CheckIncludeFile.c.o   -c "/home/nicolas/workspace/Copy of TpFinal/glog/CMakeFiles/CMakeTmp/CheckIncludeFile.c"
Linking C executable cmTC_74432
/usr/local/bin/cmake -E cmake_link_script CMakeFiles/cmTC_74432.dir/link.txt --verbose=1
/usr/bin/cc       CMakeFiles/cmTC_74432.dir/CheckIncludeFile.c.o  -o cmTC_74432 -rdynamic 
make[1]: Leaving directory `/home/nicolas/workspace/Copy of TpFinal/glog/CMakeFiles/CMakeTmp'


Determining if the include file sys/types.h exists passed with the following output:
Change Dir: /home/nicolas/workspace/Copy of TpFinal/glog/CMakeFiles/CMakeTmp

Run Build Command:"/usr/bin/make" "cmTC_91623/fast"
/usr/bin/make -f CMakeFiles/cmTC_91623.dir/build.make CMakeFiles/cmTC_91623.dir/build
make[1]: Entering directory `/home/nicolas/workspace/Copy of TpFinal/glog/CMakeFiles/CMakeTmp'
Building C object CMakeFiles/cmTC_91623.dir/CheckIncludeFile.c.o
/usr/bin/cc     -o CMakeFiles/cmTC_91623.dir/CheckIncludeFile.c.o   -c "/home/nicolas/workspace/Copy of TpFinal/glog/CMakeFiles/CMakeTmp/CheckIncludeFile.c"
Linking C executable cmTC_91623
/usr/local/bin/cmake -E cmake_link_script CMakeFiles/cmTC_91623.dir/link.txt --verbose=1
/usr/bin/cc       CMakeFiles/cmTC_91623.dir/CheckIncludeFile.c.o  -o cmTC_91623 -rdynamic 
make[1]: Leaving directory `/home/nicolas/workspace/Copy of TpFinal/glog/CMakeFiles/CMakeTmp'


Determining if the include file sys/utsname.h exists passed with the following output:
Change Dir: /home/nicolas/workspace/Copy of TpFinal/glog/CMakeFiles/CMakeTmp

Run Build Command:"/usr/bin/make" "cmTC_40e4b/fast"
/usr/bin/make -f CMakeFiles/cmTC_40e4b.dir/build.make CMakeFiles/cmTC_40e4b.dir/build
make[1]: Entering directory `/home/nicolas/workspace/Copy of TpFinal/glog/CMakeFiles/CMakeTmp'
Building C object CMakeFiles/cmTC_40e4b.dir/CheckIncludeFile.c.o
/usr/bin/cc     -o CMakeFiles/cmTC_40e4b.dir/CheckIncludeFile.c.o   -c "/home/nicolas/workspace/Copy of TpFinal/glog/CMakeFiles/CMakeTmp/CheckIncludeFile.c"
Linking C executable cmTC_40e4b
/usr/local/bin/cmake -E cmake_link_script CMakeFiles/cmTC_40e4b.dir/link.txt --verbose=1
/usr/bin/cc       CMakeFiles/cmTC_40e4b.dir/CheckIncludeFile.c.o  -o cmTC_40e4b -rdynamic 
make[1]: Leaving directory `/home/nicolas/workspace/Copy of TpFinal/glog/CMakeFiles/CMakeTmp'


Determining if the include file syscall.h exists passed with the following output:
Change Dir: /home/nicolas/workspace/Copy of TpFinal/glog/CMakeFiles/CMakeTmp

Run Build Command:"/usr/bin/make" "cmTC_c2e68/fast"
/usr/bin/make -f CMakeFiles/cmTC_c2e68.dir/build.make CMakeFiles/cmTC_c2e68.dir/build
make[1]: Entering directory `/home/nicolas/workspace/Copy of TpFinal/glog/CMakeFiles/CMakeTmp'
Building C object CMakeFiles/cmTC_c2e68.dir/CheckIncludeFile.c.o
/usr/bin/cc     -o CMakeFiles/cmTC_c2e68.dir/CheckIncludeFile.c.o   -c "/home/nicolas/workspace/Copy of TpFinal/glog/CMakeFiles/CMakeTmp/CheckIncludeFile.c"
Linking C executable cmTC_c2e68
/usr/local/bin/cmake -E cmake_link_script CMakeFiles/cmTC_c2e68.dir/link.txt --verbose=1
/usr/bin/cc       CMakeFiles/cmTC_c2e68.dir/CheckIncludeFile.c.o  -o cmTC_c2e68 -rdynamic 
make[1]: Leaving directory `/home/nicolas/workspace/Copy of TpFinal/glog/CMakeFiles/CMakeTmp'


Determining if the include file syslog.h exists passed with the following output:
Change Dir: /home/nicolas/workspace/Copy of TpFinal/glog/CMakeFiles/CMakeTmp

Run Build Command:"/usr/bin/make" "cmTC_aa4ab/fast"
/usr/bin/make -f CMakeFiles/cmTC_aa4ab.dir/build.make CMakeFiles/cmTC_aa4ab.dir/build
make[1]: Entering directory `/home/nicolas/workspace/Copy of TpFinal/glog/CMakeFiles/CMakeTmp'
Building C object CMakeFiles/cmTC_aa4ab.dir/CheckIncludeFile.c.o
/usr/bin/cc     -o CMakeFiles/cmTC_aa4ab.dir/CheckIncludeFile.c.o   -c "/home/nicolas/workspace/Copy of TpFinal/glog/CMakeFiles/CMakeTmp/CheckIncludeFile.c"
Linking C executable cmTC_aa4ab
/usr/local/bin/cmake -E cmake_link_script CMakeFiles/cmTC_aa4ab.dir/link.txt --verbose=1
/usr/bin/cc       CMakeFiles/cmTC_aa4ab.dir/CheckIncludeFile.c.o  -o cmTC_aa4ab -rdynamic 
make[1]: Leaving directory `/home/nicolas/workspace/Copy of TpFinal/glog/CMakeFiles/CMakeTmp'


Determining if the include file ucontext.h exists passed with the following output:
Change Dir: /home/nicolas/workspace/Copy of TpFinal/glog/CMakeFiles/CMakeTmp

Run Build Command:"/usr/bin/make" "cmTC_da7da/fast"
/usr/bin/make -f CMakeFiles/cmTC_da7da.dir/build.make CMakeFiles/cmTC_da7da.dir/build
make[1]: Entering directory `/home/nicolas/workspace/Copy of TpFinal/glog/CMakeFiles/CMakeTmp'
Building C object CMakeFiles/cmTC_da7da.dir/CheckIncludeFile.c.o
/usr/bin/cc     -o CMakeFiles/cmTC_da7da.dir/CheckIncludeFile.c.o   -c "/home/nicolas/workspace/Copy of TpFinal/glog/CMakeFiles/CMakeTmp/CheckIncludeFile.c"
Linking C executable cmTC_da7da
/usr/local/bin/cmake -E cmake_link_script CMakeFiles/cmTC_da7da.dir/link.txt --verbose=1
/usr/bin/cc       CMakeFiles/cmTC_da7da.dir/CheckIncludeFile.c.o  -o cmTC_da7da -rdynamic 
make[1]: Leaving directory `/home/nicolas/workspace/Copy of TpFinal/glog/CMakeFiles/CMakeTmp'


Determining if the include file unistd.h exists passed with the following output:
Change Dir: /home/nicolas/workspace/Copy of TpFinal/glog/CMakeFiles/CMakeTmp

Run Build Command:"/usr/bin/make" "cmTC_73119/fast"
/usr/bin/make -f CMakeFiles/cmTC_73119.dir/build.make CMakeFiles/cmTC_73119.dir/build
make[1]: Entering directory `/home/nicolas/workspace/Copy of TpFinal/glog/CMakeFiles/CMakeTmp'
Building C object CMakeFiles/cmTC_73119.dir/CheckIncludeFile.c.o
/usr/bin/cc     -o CMakeFiles/cmTC_73119.dir/CheckIncludeFile.c.o   -c "/home/nicolas/workspace/Copy of TpFinal/glog/CMakeFiles/CMakeTmp/CheckIncludeFile.c"
Linking C executable cmTC_73119
/usr/local/bin/cmake -E cmake_link_script CMakeFiles/cmTC_73119.dir/link.txt --verbose=1
/usr/bin/cc       CMakeFiles/cmTC_73119.dir/CheckIncludeFile.c.o  -o cmTC_73119 -rdynamic 
make[1]: Leaving directory `/home/nicolas/workspace/Copy of TpFinal/glog/CMakeFiles/CMakeTmp'


Determining if the include file unwind.h exists passed with the following output:
Change Dir: /home/nicolas/workspace/Copy of TpFinal/glog/CMakeFiles/CMakeTmp

Run Build Command:"/usr/bin/make" "cmTC_2abbc/fast"
/usr/bin/make -f CMakeFiles/cmTC_2abbc.dir/build.make CMakeFiles/cmTC_2abbc.dir/build
make[1]: Entering directory `/home/nicolas/workspace/Copy of TpFinal/glog/CMakeFiles/CMakeTmp'
Building C object CMakeFiles/cmTC_2abbc.dir/CheckIncludeFile.c.o
/usr/bin/cc     -o CMakeFiles/cmTC_2abbc.dir/CheckIncludeFile.c.o   -c "/home/nicolas/workspace/Copy of TpFinal/glog/CMakeFiles/CMakeTmp/CheckIncludeFile.c"
Linking C executable cmTC_2abbc
/usr/local/bin/cmake -E cmake_link_script CMakeFiles/cmTC_2abbc.dir/link.txt --verbose=1
/usr/bin/cc       CMakeFiles/cmTC_2abbc.dir/CheckIncludeFile.c.o  -o cmTC_2abbc -rdynamic 
make[1]: Leaving directory `/home/nicolas/workspace/Copy of TpFinal/glog/CMakeFiles/CMakeTmp'


Determining if the include file ext/hash_map exists passed with the following output:
Change Dir: /home/nicolas/workspace/Copy of TpFinal/glog/CMakeFiles/CMakeTmp

Run Build Command:"/usr/bin/make" "cmTC_74e66/fast"
/usr/bin/make -f CMakeFiles/cmTC_74e66.dir/build.make CMakeFiles/cmTC_74e66.dir/build
make[1]: Entering directory `/home/nicolas/workspace/Copy of TpFinal/glog/CMakeFiles/CMakeTmp'
Building CXX object CMakeFiles/cmTC_74e66.dir/CheckIncludeFile.cxx.o
/usr/bin/c++      -o CMakeFiles/cmTC_74e66.dir/CheckIncludeFile.cxx.o -c "/home/nicolas/workspace/Copy of TpFinal/glog/CMakeFiles/CMakeTmp/CheckIncludeFile.cxx"
In file included from /usr/include/c++/4.8/ext/hash_map:60:0,
                 from /home/nicolas/workspace/Copy of TpFinal/glog/CMakeFiles/CMakeTmp/CheckIncludeFile.cxx:1:
/usr/include/c++/4.8/backward/backward_warning.h:32:2: warning: #warning This file includes at least one deprecated or antiquated header which may be removed without further notice at a future date. Please use a non-deprecated interface with equivalent functionality instead. For a listing of replacement headers and interfaces, consult the file backward_warning.h. To disable this warning use -Wno-deprecated. [-Wcpp]
 #warning \
  ^
Linking CXX executable cmTC_74e66
/usr/local/bin/cmake -E cmake_link_script CMakeFiles/cmTC_74e66.dir/link.txt --verbose=1
/usr/bin/c++        CMakeFiles/cmTC_74e66.dir/CheckIncludeFile.cxx.o  -o cmTC_74e66 -rdynamic 
make[1]: Leaving directory `/home/nicolas/workspace/Copy of TpFinal/glog/CMakeFiles/CMakeTmp'


Determining if the include file ext/hash_set exists passed with the following output:
Change Dir: /home/nicolas/workspace/Copy of TpFinal/glog/CMakeFiles/CMakeTmp

Run Build Command:"/usr/bin/make" "cmTC_86e9e/fast"
/usr/bin/make -f CMakeFiles/cmTC_86e9e.dir/build.make CMakeFiles/cmTC_86e9e.dir/build
make[1]: Entering directory `/home/nicolas/workspace/Copy of TpFinal/glog/CMakeFiles/CMakeTmp'
Building CXX object CMakeFiles/cmTC_86e9e.dir/CheckIncludeFile.cxx.o
/usr/bin/c++      -o CMakeFiles/cmTC_86e9e.dir/CheckIncludeFile.cxx.o -c "/home/nicolas/workspace/Copy of TpFinal/glog/CMakeFiles/CMakeTmp/CheckIncludeFile.cxx"
In file included from /usr/include/c++/4.8/ext/hash_set:60:0,
                 from /home/nicolas/workspace/Copy of TpFinal/glog/CMakeFiles/CMakeTmp/CheckIncludeFile.cxx:1:
/usr/include/c++/4.8/backward/backward_warning.h:32:2: warning: #warning This file includes at least one deprecated or antiquated header which may be removed without further notice at a future date. Please use a non-deprecated interface with equivalent functionality instead. For a listing of replacement headers and interfaces, consult the file backward_warning.h. To disable this warning use -Wno-deprecated. [-Wcpp]
 #warning \
  ^
Linking CXX executable cmTC_86e9e
/usr/local/bin/cmake -E cmake_link_script CMakeFiles/cmTC_86e9e.dir/link.txt --verbose=1
/usr/bin/c++        CMakeFiles/cmTC_86e9e.dir/CheckIncludeFile.cxx.o  -o cmTC_86e9e -rdynamic 
make[1]: Leaving directory `/home/nicolas/workspace/Copy of TpFinal/glog/CMakeFiles/CMakeTmp'


Determining if the include file ext/slist exists passed with the following output:
Change Dir: /home/nicolas/workspace/Copy of TpFinal/glog/CMakeFiles/CMakeTmp

Run Build Command:"/usr/bin/make" "cmTC_44126/fast"
/usr/bin/make -f CMakeFiles/cmTC_44126.dir/build.make CMakeFiles/cmTC_44126.dir/build
make[1]: Entering directory `/home/nicolas/workspace/Copy of TpFinal/glog/CMakeFiles/CMakeTmp'
Building CXX object CMakeFiles/cmTC_44126.dir/CheckIncludeFile.cxx.o
/usr/bin/c++      -o CMakeFiles/cmTC_44126.dir/CheckIncludeFile.cxx.o -c "/home/nicolas/workspace/Copy of TpFinal/glog/CMakeFiles/CMakeTmp/CheckIncludeFile.cxx"
Linking CXX executable cmTC_44126
/usr/local/bin/cmake -E cmake_link_script CMakeFiles/cmTC_44126.dir/link.txt --verbose=1
/usr/bin/c++        CMakeFiles/cmTC_44126.dir/CheckIncludeFile.cxx.o  -o cmTC_44126 -rdynamic 
make[1]: Leaving directory `/home/nicolas/workspace/Copy of TpFinal/glog/CMakeFiles/CMakeTmp'


Determining if the include file tr1/unordered_map exists passed with the following output:
Change Dir: /home/nicolas/workspace/Copy of TpFinal/glog/CMakeFiles/CMakeTmp

Run Build Command:"/usr/bin/make" "cmTC_fd717/fast"
/usr/bin/make -f CMakeFiles/cmTC_fd717.dir/build.make CMakeFiles/cmTC_fd717.dir/build
make[1]: Entering directory `/home/nicolas/workspace/Copy of TpFinal/glog/CMakeFiles/CMakeTmp'
Building CXX object CMakeFiles/cmTC_fd717.dir/CheckIncludeFile.cxx.o
/usr/bin/c++      -o CMakeFiles/cmTC_fd717.dir/CheckIncludeFile.cxx.o -c "/home/nicolas/workspace/Copy of TpFinal/glog/CMakeFiles/CMakeTmp/CheckIncludeFile.cxx"
Linking CXX executable cmTC_fd717
/usr/local/bin/cmake -E cmake_link_script CMakeFiles/cmTC_fd717.dir/link.txt --verbose=1
/usr/bin/c++        CMakeFiles/cmTC_fd717.dir/CheckIncludeFile.cxx.o  -o cmTC_fd717 -rdynamic 
make[1]: Leaving directory `/home/nicolas/workspace/Copy of TpFinal/glog/CMakeFiles/CMakeTmp'


Determining if the include file tr1/unordered_set exists passed with the following output:
Change Dir: /home/nicolas/workspace/Copy of TpFinal/glog/CMakeFiles/CMakeTmp

Run Build Command:"/usr/bin/make" "cmTC_e777a/fast"
/usr/bin/make -f CMakeFiles/cmTC_e777a.dir/build.make CMakeFiles/cmTC_e777a.dir/build
make[1]: Entering directory `/home/nicolas/workspace/Copy of TpFinal/glog/CMakeFiles/CMakeTmp'
Building CXX object CMakeFiles/cmTC_e777a.dir/CheckIncludeFile.cxx.o
/usr/bin/c++      -o CMakeFiles/cmTC_e777a.dir/CheckIncludeFile.cxx.o -c "/home/nicolas/workspace/Copy of TpFinal/glog/CMakeFiles/CMakeTmp/CheckIncludeFile.cxx"
Linking CXX executable cmTC_e777a
/usr/local/bin/cmake -E cmake_link_script CMakeFiles/cmTC_e777a.dir/link.txt --verbose=1
/usr/bin/c++        CMakeFiles/cmTC_e777a.dir/CheckIncludeFile.cxx.o  -o cmTC_e777a -rdynamic 
make[1]: Leaving directory `/home/nicolas/workspace/Copy of TpFinal/glog/CMakeFiles/CMakeTmp'


Determining if the include file stddef.h exists passed with the following output:
Change Dir: /home/nicolas/workspace/Copy of TpFinal/glog/CMakeFiles/CMakeTmp

Run Build Command:"/usr/bin/make" "cmTC_3ad8a/fast"
/usr/bin/make -f CMakeFiles/cmTC_3ad8a.dir/build.make CMakeFiles/cmTC_3ad8a.dir/build
make[1]: Entering directory `/home/nicolas/workspace/Copy of TpFinal/glog/CMakeFiles/CMakeTmp'
Building C object CMakeFiles/cmTC_3ad8a.dir/CheckIncludeFile.c.o
/usr/bin/cc     -o CMakeFiles/cmTC_3ad8a.dir/CheckIncludeFile.c.o   -c "/home/nicolas/workspace/Copy of TpFinal/glog/CMakeFiles/CMakeTmp/CheckIncludeFile.c"
Linking C executable cmTC_3ad8a
/usr/local/bin/cmake -E cmake_link_script CMakeFiles/cmTC_3ad8a.dir/link.txt --verbose=1
/usr/bin/cc       CMakeFiles/cmTC_3ad8a.dir/CheckIncludeFile.c.o  -o cmTC_3ad8a -rdynamic 
make[1]: Leaving directory `/home/nicolas/workspace/Copy of TpFinal/glog/CMakeFiles/CMakeTmp'


Determining size of u_int16_t passed with the following output:
Change Dir: /home/nicolas/workspace/Copy of TpFinal/glog/CMakeFiles/CMakeTmp

Run Build Command:"/usr/bin/make" "cmTC_df0e4/fast"
/usr/bin/make -f CMakeFiles/cmTC_df0e4.dir/build.make CMakeFiles/cmTC_df0e4.dir/build
make[1]: Entering directory `/home/nicolas/workspace/Copy of TpFinal/glog/CMakeFiles/CMakeTmp'
Building C object CMakeFiles/cmTC_df0e4.dir/HAVE_U_INT16_T.c.o
/usr/bin/cc     -o CMakeFiles/cmTC_df0e4.dir/HAVE_U_INT16_T.c.o   -c "/home/nicolas/workspace/Copy of TpFinal/glog/CMakeFiles/CheckTypeSize/HAVE_U_INT16_T.c"
Linking C executable cmTC_df0e4
/usr/local/bin/cmake -E cmake_link_script CMakeFiles/cmTC_df0e4.dir/link.txt --verbose=1
/usr/bin/cc       CMakeFiles/cmTC_df0e4.dir/HAVE_U_INT16_T.c.o  -o cmTC_df0e4 -rdynamic 
make[1]: Leaving directory `/home/nicolas/workspace/Copy of TpFinal/glog/CMakeFiles/CMakeTmp'


Determining size of uint16_t passed with the following output:
Change Dir: /home/nicolas/workspace/Copy of TpFinal/glog/CMakeFiles/CMakeTmp

Run Build Command:"/usr/bin/make" "cmTC_992f8/fast"
/usr/bin/make -f CMakeFiles/cmTC_992f8.dir/build.make CMakeFiles/cmTC_992f8.dir/build
make[1]: Entering directory `/home/nicolas/workspace/Copy of TpFinal/glog/CMakeFiles/CMakeTmp'
Building C object CMakeFiles/cmTC_992f8.dir/HAVE_UINT16_T.c.o
/usr/bin/cc     -o CMakeFiles/cmTC_992f8.dir/HAVE_UINT16_T.c.o   -c "/home/nicolas/workspace/Copy of TpFinal/glog/CMakeFiles/CheckTypeSize/HAVE_UINT16_T.c"
Linking C executable cmTC_992f8
/usr/local/bin/cmake -E cmake_link_script CMakeFiles/cmTC_992f8.dir/link.txt --verbose=1
/usr/bin/cc       CMakeFiles/cmTC_992f8.dir/HAVE_UINT16_T.c.o  -o cmTC_992f8 -rdynamic 
make[1]: Leaving directory `/home/nicolas/workspace/Copy of TpFinal/glog/CMakeFiles/CMakeTmp'


Determining if the function fcntl exists passed with the following output:
Change Dir: /home/nicolas/workspace/Copy of TpFinal/glog/CMakeFiles/CMakeTmp

Run Build Command:"/usr/bin/make" "cmTC_34c6d/fast"
/usr/bin/make -f CMakeFiles/cmTC_34c6d.dir/build.make CMakeFiles/cmTC_34c6d.dir/build
make[1]: Entering directory `/home/nicolas/workspace/Copy of TpFinal/glog/CMakeFiles/CMakeTmp'
Building C object CMakeFiles/cmTC_34c6d.dir/CheckFunctionExists.c.o
/usr/bin/cc    -DCHECK_FUNCTION_EXISTS=fcntl   -o CMakeFiles/cmTC_34c6d.dir/CheckFunctionExists.c.o   -c /usr/local/share/cmake-3.5/Modules/CheckFunctionExists.c
Linking C executable cmTC_34c6d
/usr/local/bin/cmake -E cmake_link_script CMakeFiles/cmTC_34c6d.dir/link.txt --verbose=1
/usr/bin/cc   -DCHECK_FUNCTION_EXISTS=fcntl    CMakeFiles/cmTC_34c6d.dir/CheckFunctionExists.c.o  -o cmTC_34c6d -rdynamic 
make[1]: Leaving directory `/home/nicolas/workspace/Copy of TpFinal/glog/CMakeFiles/CMakeTmp'


Determining if the function pread exists passed with the following output:
Change Dir: /home/nicolas/workspace/Copy of TpFinal/glog/CMakeFiles/CMakeTmp

Run Build Command:"/usr/bin/make" "cmTC_0665b/fast"
/usr/bin/make -f CMakeFiles/cmTC_0665b.dir/build.make CMakeFiles/cmTC_0665b.dir/build
make[1]: Entering directory `/home/nicolas/workspace/Copy of TpFinal/glog/CMakeFiles/CMakeTmp'
Building C object CMakeFiles/cmTC_0665b.dir/CheckFunctionExists.c.o
/usr/bin/cc    -DCHECK_FUNCTION_EXISTS=pread   -o CMakeFiles/cmTC_0665b.dir/CheckFunctionExists.c.o   -c /usr/local/share/cmake-3.5/Modules/CheckFunctionExists.c
Linking C executable cmTC_0665b
/usr/local/bin/cmake -E cmake_link_script CMakeFiles/cmTC_0665b.dir/link.txt --verbose=1
/usr/bin/cc   -DCHECK_FUNCTION_EXISTS=pread    CMakeFiles/cmTC_0665b.dir/CheckFunctionExists.c.o  -o cmTC_0665b -rdynamic 
make[1]: Leaving directory `/home/nicolas/workspace/Copy of TpFinal/glog/CMakeFiles/CMakeTmp'


Determining if the function pwrite exists passed with the following output:
Change Dir: /home/nicolas/workspace/Copy of TpFinal/glog/CMakeFiles/CMakeTmp

Run Build Command:"/usr/bin/make" "cmTC_b7790/fast"
/usr/bin/make -f CMakeFiles/cmTC_b7790.dir/build.make CMakeFiles/cmTC_b7790.dir/build
make[1]: Entering directory `/home/nicolas/workspace/Copy of TpFinal/glog/CMakeFiles/CMakeTmp'
Building C object CMakeFiles/cmTC_b7790.dir/CheckFunctionExists.c.o
/usr/bin/cc    -DCHECK_FUNCTION_EXISTS=pwrite   -o CMakeFiles/cmTC_b7790.dir/CheckFunctionExists.c.o   -c /usr/local/share/cmake-3.5/Modules/CheckFunctionExists.c
Linking C executable cmTC_b7790
/usr/local/bin/cmake -E cmake_link_script CMakeFiles/cmTC_b7790.dir/link.txt --verbose=1
/usr/bin/cc   -DCHECK_FUNCTION_EXISTS=pwrite    CMakeFiles/cmTC_b7790.dir/CheckFunctionExists.c.o  -o cmTC_b7790 -rdynamic 
make[1]: Leaving directory `/home/nicolas/workspace/Copy of TpFinal/glog/CMakeFiles/CMakeTmp'


Determining if the function sigaction exists passed with the following output:
Change Dir: /home/nicolas/workspace/Copy of TpFinal/glog/CMakeFiles/CMakeTmp

Run Build Command:"/usr/bin/make" "cmTC_6b666/fast"
/usr/bin/make -f CMakeFiles/cmTC_6b666.dir/build.make CMakeFiles/cmTC_6b666.dir/build
make[1]: Entering directory `/home/nicolas/workspace/Copy of TpFinal/glog/CMakeFiles/CMakeTmp'
Building C object CMakeFiles/cmTC_6b666.dir/CheckFunctionExists.c.o
/usr/bin/cc    -DCHECK_FUNCTION_EXISTS=sigaction   -o CMakeFiles/cmTC_6b666.dir/CheckFunctionExists.c.o   -c /usr/local/share/cmake-3.5/Modules/CheckFunctionExists.c
Linking C executable cmTC_6b666
/usr/local/bin/cmake -E cmake_link_script CMakeFiles/cmTC_6b666.dir/link.txt --verbose=1
/usr/bin/cc   -DCHECK_FUNCTION_EXISTS=sigaction    CMakeFiles/cmTC_6b666.dir/CheckFunctionExists.c.o  -o cmTC_6b666 -rdynamic 
make[1]: Leaving directory `/home/nicolas/workspace/Copy of TpFinal/glog/CMakeFiles/CMakeTmp'


Determining if the function sigaltstack exists passed with the following output:
Change Dir: /home/nicolas/workspace/Copy of TpFinal/glog/CMakeFiles/CMakeTmp

Run Build Command:"/usr/bin/make" "cmTC_767b9/fast"
/usr/bin/make -f CMakeFiles/cmTC_767b9.dir/build.make CMakeFiles/cmTC_767b9.dir/build
make[1]: Entering directory `/home/nicolas/workspace/Copy of TpFinal/glog/CMakeFiles/CMakeTmp'
Building C object CMakeFiles/cmTC_767b9.dir/CheckFunctionExists.c.o
/usr/bin/cc    -DCHECK_FUNCTION_EXISTS=sigaltstack   -o CMakeFiles/cmTC_767b9.dir/CheckFunctionExists.c.o   -c /usr/local/share/cmake-3.5/Modules/CheckFunctionExists.c
Linking C executable cmTC_767b9
/usr/local/bin/cmake -E cmake_link_script CMakeFiles/cmTC_767b9.dir/link.txt --verbose=1
/usr/bin/cc   -DCHECK_FUNCTION_EXISTS=sigaltstack    CMakeFiles/cmTC_767b9.dir/CheckFunctionExists.c.o  -o cmTC_767b9 -rdynamic 
make[1]: Leaving directory `/home/nicolas/workspace/Copy of TpFinal/glog/CMakeFiles/CMakeTmp'


Performing C++ SOURCE FILE Test HAVE_NO_DEPRECATED succeeded with the following output:
Change Dir: /home/nicolas/workspace/Copy of TpFinal/glog/CMakeFiles/CMakeTmp

Run Build Command:"/usr/bin/make" "cmTC_8b1c6/fast"
/usr/bin/make -f CMakeFiles/cmTC_8b1c6.dir/build.make CMakeFiles/cmTC_8b1c6.dir/build
make[1]: Entering directory `/home/nicolas/workspace/Copy of TpFinal/glog/CMakeFiles/CMakeTmp'
Building CXX object CMakeFiles/cmTC_8b1c6.dir/src.cxx.o
/usr/bin/c++     -DHAVE_NO_DEPRECATED   -Wno-deprecated -o CMakeFiles/cmTC_8b1c6.dir/src.cxx.o -c "/home/nicolas/workspace/Copy of TpFinal/glog/CMakeFiles/CMakeTmp/src.cxx"
Linking CXX executable cmTC_8b1c6
/usr/local/bin/cmake -E cmake_link_script CMakeFiles/cmTC_8b1c6.dir/link.txt --verbose=1
/usr/bin/c++    -DHAVE_NO_DEPRECATED    CMakeFiles/cmTC_8b1c6.dir/src.cxx.o  -o cmTC_8b1c6 -rdynamic 
make[1]: Leaving directory `/home/nicolas/workspace/Copy of TpFinal/glog/CMakeFiles/CMakeTmp'

Source file was:
int main() { return 0; }
Performing C++ SOURCE FILE Test HAVE_NO_UNNAMED_TYPE_TEMPLATE_ARGS succeeded with the following output:
Change Dir: /home/nicolas/workspace/Copy of TpFinal/glog/CMakeFiles/CMakeTmp

Run Build Command:"/usr/bin/make" "cmTC_56c69/fast"
/usr/bin/make -f CMakeFiles/cmTC_56c69.dir/build.make CMakeFiles/cmTC_56c69.dir/build
make[1]: Entering directory `/home/nicolas/workspace/Copy of TpFinal/glog/CMakeFiles/CMakeTmp'
Building CXX object CMakeFiles/cmTC_56c69.dir/src.cxx.o
/usr/bin/c++     -DHAVE_NO_UNNAMED_TYPE_TEMPLATE_ARGS   -Wno-unnamed-type-template-args -o CMakeFiles/cmTC_56c69.dir/src.cxx.o -c "/home/nicolas/workspace/Copy of TpFinal/glog/CMakeFiles/CMakeTmp/src.cxx"
Linking CXX executable cmTC_56c69
/usr/local/bin/cmake -E cmake_link_script CMakeFiles/cmTC_56c69.dir/link.txt --verbose=1
/usr/bin/c++    -DHAVE_NO_UNNAMED_TYPE_TEMPLATE_ARGS    CMakeFiles/cmTC_56c69.dir/src.cxx.o  -o cmTC_56c69 -rdynamic 
make[1]: Leaving directory `/home/nicolas/workspace/Copy of TpFinal/glog/CMakeFiles/CMakeTmp'

Source file was:
int main() { return 0; }
Determining if the snprintf exist passed with the following output:
Change Dir: /home/nicolas/workspace/Copy of TpFinal/glog/CMakeFiles/CMakeTmp

Run Build Command:"/usr/bin/make" "cmTC_dfd7c/fast"
/usr/bin/make -f CMakeFiles/cmTC_dfd7c.dir/build.make CMakeFiles/cmTC_dfd7c.dir/build
make[1]: Entering directory `/home/nicolas/workspace/Copy of TpFinal/glog/CMakeFiles/CMakeTmp'
Building C object CMakeFiles/cmTC_dfd7c.dir/CheckSymbolExists.c.o
/usr/bin/cc     -o CMakeFiles/cmTC_dfd7c.dir/CheckSymbolExists.c.o   -c "/home/nicolas/workspace/Copy of TpFinal/glog/CMakeFiles/CMakeTmp/CheckSymbolExists.c"
Linking C executable cmTC_dfd7c
/usr/local/bin/cmake -E cmake_link_script CMakeFiles/cmTC_dfd7c.dir/link.txt --verbose=1
/usr/bin/cc       CMakeFiles/cmTC_dfd7c.dir/CheckSymbolExists.c.o  -o cmTC_dfd7c -rdynamic 
make[1]: Leaving directory `/home/nicolas/workspace/Copy of TpFinal/glog/CMakeFiles/CMakeTmp'

File /home/nicolas/workspace/Copy of TpFinal/glog/CMakeFiles/CMakeTmp/CheckSymbolExists.c:
/* */
#include <stdio.h>

int main(int argc, char** argv)
{
  (void)argv;
#ifndef snprintf
  return ((int*)(&snprintf))[argc];
#else
  (void)argc;
  return 0;
#endif
}

Performing C SOURCE FILE Test HAVE___ATTRIBUTE__ succeeded with the following output:
Change Dir: /home/nicolas/workspace/Copy of TpFinal/glog/CMakeFiles/CMakeTmp

Run Build Command:"/usr/bin/make" "cmTC_6b1bf/fast"
/usr/bin/make -f CMakeFiles/cmTC_6b1bf.dir/build.make CMakeFiles/cmTC_6b1bf.dir/build
make[1]: Entering directory `/home/nicolas/workspace/Copy of TpFinal/glog/CMakeFiles/CMakeTmp'
Building C object CMakeFiles/cmTC_6b1bf.dir/src.c.o
/usr/bin/cc    -DHAVE___ATTRIBUTE__   -o CMakeFiles/cmTC_6b1bf.dir/src.c.o   -c "/home/nicolas/workspace/Copy of TpFinal/glog/CMakeFiles/CMakeTmp/src.c"
Linking C executable cmTC_6b1bf
/usr/local/bin/cmake -E cmake_link_script CMakeFiles/cmTC_6b1bf.dir/link.txt --verbose=1
/usr/bin/cc   -DHAVE___ATTRIBUTE__    CMakeFiles/cmTC_6b1bf.dir/src.c.o  -o cmTC_6b1bf -rdynamic 
make[1]: Leaving directory `/home/nicolas/workspace/Copy of TpFinal/glog/CMakeFiles/CMakeTmp'

Source file was:

#include <stdlib.h>
static void foo(void) __attribute__ ((unused));
int main(void) { return 0; }

Performing C SOURCE FILE Test HAVE___ATTRIBUTE__VISIBILITY_DEFAULT succeeded with the following output:
Change Dir: /home/nicolas/workspace/Copy of TpFinal/glog/CMakeFiles/CMakeTmp

Run Build Command:"/usr/bin/make" "cmTC_d4ffa/fast"
/usr/bin/make -f CMakeFiles/cmTC_d4ffa.dir/build.make CMakeFiles/cmTC_d4ffa.dir/build
make[1]: Entering directory `/home/nicolas/workspace/Copy of TpFinal/glog/CMakeFiles/CMakeTmp'
Building C object CMakeFiles/cmTC_d4ffa.dir/src.c.o
/usr/bin/cc    -DHAVE___ATTRIBUTE__VISIBILITY_DEFAULT   -o CMakeFiles/cmTC_d4ffa.dir/src.c.o   -c "/home/nicolas/workspace/Copy of TpFinal/glog/CMakeFiles/CMakeTmp/src.c"
/home/nicolas/workspace/Copy of TpFinal/glog/CMakeFiles/CMakeTmp/src.c:3:1: warning: visibility attribute ignored [-Wattributes]
 static void foo(void) __attribute__ ((visibility("default")));
 ^
Linking C executable cmTC_d4ffa
/usr/local/bin/cmake -E cmake_link_script CMakeFiles/cmTC_d4ffa.dir/link.txt --verbose=1
/usr/bin/cc   -DHAVE___ATTRIBUTE__VISIBILITY_DEFAULT    CMakeFiles/cmTC_d4ffa.dir/src.c.o  -o cmTC_d4ffa -rdynamic 
make[1]: Leaving directory `/home/nicolas/workspace/Copy of TpFinal/glog/CMakeFiles/CMakeTmp'

Source file was:

#include <stdlib.h>
static void foo(void) __attribute__ ((visibility("default")));
int main(void) { return 0; }

Performing C SOURCE FILE Test HAVE___ATTRIBUTE__VISIBILITY_HIDDEN succeeded with the following output:
Change Dir: /home/nicolas/workspace/Copy of TpFinal/glog/CMakeFiles/CMakeTmp

Run Build Command:"/usr/bin/make" "cmTC_3fa05/fast"
/usr/bin/make -f CMakeFiles/cmTC_3fa05.dir/build.make CMakeFiles/cmTC_3fa05.dir/build
make[1]: Entering directory `/home/nicolas/workspace/Copy of TpFinal/glog/CMakeFiles/CMakeTmp'
Building C object CMakeFiles/cmTC_3fa05.dir/src.c.o
/usr/bin/cc    -DHAVE___ATTRIBUTE__VISIBILITY_HIDDEN   -o CMakeFiles/cmTC_3fa05.dir/src.c.o   -c "/home/nicolas/workspace/Copy of TpFinal/glog/CMakeFiles/CMakeTmp/src.c"
/home/nicolas/workspace/Copy of TpFinal/glog/CMakeFiles/CMakeTmp/src.c:3:1: warning: visibility attribute ignored [-Wattributes]
 static void foo(void) __attribute__ ((visibility("hidden")));
 ^
Linking C executable cmTC_3fa05
/usr/local/bin/cmake -E cmake_link_script CMakeFiles/cmTC_3fa05.dir/link.txt --verbose=1
/usr/bin/cc   -DHAVE___ATTRIBUTE__VISIBILITY_HIDDEN    CMakeFiles/cmTC_3fa05.dir/src.c.o  -o cmTC_3fa05 -rdynamic 
make[1]: Leaving directory `/home/nicolas/workspace/Copy of TpFinal/glog/CMakeFiles/CMakeTmp'

Source file was:

#include <stdlib.h>
static void foo(void) __attribute__ ((visibility("hidden")));
int main(void) { return 0; }

Performing C SOURCE FILE Test HAVE___BUILTIN_EXPECT succeeded with the following output:
Change Dir: /home/nicolas/workspace/Copy of TpFinal/glog/CMakeFiles/CMakeTmp

Run Build Command:"/usr/bin/make" "cmTC_ed00d/fast"
/usr/bin/make -f CMakeFiles/cmTC_ed00d.dir/build.make CMakeFiles/cmTC_ed00d.dir/build
make[1]: Entering directory `/home/nicolas/workspace/Copy of TpFinal/glog/CMakeFiles/CMakeTmp'
Building C object CMakeFiles/cmTC_ed00d.dir/src.c.o
/usr/bin/cc    -DHAVE___BUILTIN_EXPECT   -o CMakeFiles/cmTC_ed00d.dir/src.c.o   -c "/home/nicolas/workspace/Copy of TpFinal/glog/CMakeFiles/CMakeTmp/src.c"
Linking C executable cmTC_ed00d
/usr/local/bin/cmake -E cmake_link_script CMakeFiles/cmTC_ed00d.dir/link.txt --verbose=1
/usr/bin/cc   -DHAVE___BUILTIN_EXPECT    CMakeFiles/cmTC_ed00d.dir/src.c.o  -o cmTC_ed00d -rdynamic 
make[1]: Leaving directory `/home/nicolas/workspace/Copy of TpFinal/glog/CMakeFiles/CMakeTmp'

Source file was:

int main(void) { if (__builtin_expect(0, 0)) return 1; return 0; }

Performing C SOURCE FILE Test HAVE___SYNC_VAL_COMPARE_AND_SWAP succeeded with the following output:
Change Dir: /home/nicolas/workspace/Copy of TpFinal/glog/CMakeFiles/CMakeTmp

Run Build Command:"/usr/bin/make" "cmTC_5511a/fast"
/usr/bin/make -f CMakeFiles/cmTC_5511a.dir/build.make CMakeFiles/cmTC_5511a.dir/build
make[1]: Entering directory `/home/nicolas/workspace/Copy of TpFinal/glog/CMakeFiles/CMakeTmp'
Building C object CMakeFiles/cmTC_5511a.dir/src.c.o
/usr/bin/cc    -DHAVE___SYNC_VAL_COMPARE_AND_SWAP   -o CMakeFiles/cmTC_5511a.dir/src.c.o   -c "/home/nicolas/workspace/Copy of TpFinal/glog/CMakeFiles/CMakeTmp/src.c"
Linking C executable cmTC_5511a
/usr/local/bin/cmake -E cmake_link_script CMakeFiles/cmTC_5511a.dir/link.txt --verbose=1
/usr/bin/cc   -DHAVE___SYNC_VAL_COMPARE_AND_SWAP    CMakeFiles/cmTC_5511a.dir/src.c.o  -o cmTC_5511a -rdynamic 
make[1]: Leaving directory `/home/nicolas/workspace/Copy of TpFinal/glog/CMakeFiles/CMakeTmp'

Source file was:

int main(void)
{
  int a; if (__sync_val_compare_and_swap(&a, 0, 1)) return 1; return 0;
}

Performing C++ SOURCE FILE Test STL_STD_NAMESPACE succeeded with the following output:
Change Dir: /home/nicolas/workspace/Copy of TpFinal/glog/CMakeFiles/CMakeTmp

Run Build Command:"/usr/bin/make" "cmTC_e5751/fast"
/usr/bin/make -f CMakeFiles/cmTC_e5751.dir/build.make CMakeFiles/cmTC_e5751.dir/build
make[1]: Entering directory `/home/nicolas/workspace/Copy of TpFinal/glog/CMakeFiles/CMakeTmp'
Building CXX object CMakeFiles/cmTC_e5751.dir/src.cxx.o
/usr/bin/c++     -DSTL_STD_NAMESPACE   -o CMakeFiles/cmTC_e5751.dir/src.cxx.o -c "/home/nicolas/workspace/Copy of TpFinal/glog/CMakeFiles/CMakeTmp/src.cxx"
Linking CXX executable cmTC_e5751
/usr/local/bin/cmake -E cmake_link_script CMakeFiles/cmTC_e5751.dir/link.txt --verbose=1
/usr/bin/c++    -DSTL_STD_NAMESPACE    CMakeFiles/cmTC_e5751.dir/src.cxx.o  -o cmTC_e5751 -rdynamic 
make[1]: Leaving directory `/home/nicolas/workspace/Copy of TpFinal/glog/CMakeFiles/CMakeTmp'

Source file was:

#include <vector>
std::vector<int> t; int main() { }

Performing C++ SOURCE FILE Test HAVE_USING_OPERATOR succeeded with the following output:
Change Dir: /home/nicolas/workspace/Copy of TpFinal/glog/CMakeFiles/CMakeTmp

Run Build Command:"/usr/bin/make" "cmTC_09bd9/fast"
/usr/bin/make -f CMakeFiles/cmTC_09bd9.dir/build.make CMakeFiles/cmTC_09bd9.dir/build
make[1]: Entering directory `/home/nicolas/workspace/Copy of TpFinal/glog/CMakeFiles/CMakeTmp'
Building CXX object CMakeFiles/cmTC_09bd9.dir/src.cxx.o
/usr/bin/c++     -DHAVE_USING_OPERATOR   -o CMakeFiles/cmTC_09bd9.dir/src.cxx.o -c "/home/nicolas/workspace/Copy of TpFinal/glog/CMakeFiles/CMakeTmp/src.cxx"
Linking CXX executable cmTC_09bd9
/usr/local/bin/cmake -E cmake_link_script CMakeFiles/cmTC_09bd9.dir/link.txt --verbose=1
/usr/bin/c++    -DHAVE_USING_OPERATOR    CMakeFiles/cmTC_09bd9.dir/src.cxx.o  -o cmTC_09bd9 -rdynamic 
make[1]: Leaving directory `/home/nicolas/workspace/Copy of TpFinal/glog/CMakeFiles/CMakeTmp'

Source file was:

#include <iostream>
std::ostream& operator<<(std::ostream&, struct s);
using ::operator<<;
int main() { }

Performing C++ SOURCE FILE Test HAVE_NAMESPACES succeeded with the following output:
Change Dir: /home/nicolas/workspace/Copy of TpFinal/glog/CMakeFiles/CMakeTmp

Run Build Command:"/usr/bin/make" "cmTC_955df/fast"
/usr/bin/make -f CMakeFiles/cmTC_955df.dir/build.make CMakeFiles/cmTC_955df.dir/build
make[1]: Entering directory `/home/nicolas/workspace/Copy of TpFinal/glog/CMakeFiles/CMakeTmp'
Building CXX object CMakeFiles/cmTC_955df.dir/src.cxx.o
/usr/bin/c++     -DHAVE_NAMESPACES   -o CMakeFiles/cmTC_955df.dir/src.cxx.o -c "/home/nicolas/workspace/Copy of TpFinal/glog/CMakeFiles/CMakeTmp/src.cxx"
Linking CXX executable cmTC_955df
/usr/local/bin/cmake -E cmake_link_script CMakeFiles/cmTC_955df.dir/link.txt --verbose=1
/usr/bin/c++    -DHAVE_NAMESPACES    CMakeFiles/cmTC_955df.dir/src.cxx.o  -o cmTC_955df -rdynamic 
make[1]: Leaving directory `/home/nicolas/workspace/Copy of TpFinal/glog/CMakeFiles/CMakeTmp'

Source file was:

namespace Outer { namespace Inner { int i = 0; }}
using namespace Outer::Inner;;
int main() { return i; }

